0.806143 1.20968 -2.88587 3.23305 -0.853794 -1.19287 -1.22392 1.91339  
-0.355923 1.28529 -0.490877 1.42505 0.329168 -1.2681 1.1389 1.73916  
-0.0682804 0.183235 0.228503 0.31877 0.0907024 -0.160746 -8.67605 8.67866  
1.0585 -0.725803 -2.40493 2.72801 -1.07254 0.67199 -0.13409 1.27713  
0.331239 -1.1036 3.36071 3.55432 -0.389154 1.13577 16.7745 16.8177  
0.856364 -0.946001 3.44952 3.67949 -0.902097 0.935721 0.645896 1.45523  
0.0073553 1.05539 0.110469 1.06643 -0.0416214 -1.10208 3.60172 3.76827  
0.672814 -0.573802 -9.10303 9.14649 -0.693412 0.537244 -0.679385 1.11453  
1.08201 1.01367 -7.11446 7.26808 -1.08104 -0.998036 -3.76657 4.04511  
1.56067 -0.190143 1.18032 1.9688 -1.50187 0.189235 1.34217 2.02583  
-1.004 0.992568 46.2624 46.2841 0.942909 -1.05802 19.7884 19.8394  
1.18371 -0.25937 -9.21339 9.29334 -1.25171 0.22941 -38.0728 38.0942  
-1.46216 -0.387465 2.12243 2.60843 1.51055 0.450462 2.03038 2.5726  
0.423249 -0.186099 -1.24426 1.33159 -0.479203 0.211687 1.72148 1.80253  
0.997968 1.11256 3.75628 4.04407 -1.07751 -1.13832 2.90966 3.30667  
-1.37596 0.601644 -1.20573 1.92878 1.314 -0.859354 -1.86878 2.44307  
-1.49445 -0.339919 2.49666 2.93145 1.48069 0.292992 3.65524 3.95604  
-1.1035 -0.481036 2.52964 2.80345 1.13262 0.474072 11.3936 11.4601  
0.926392 0.45323 -0.960845 1.41351 -0.898176 -0.473477 1.37294 1.71086  
0.450958 -0.984809 -5.1488 5.26256 -0.471044 0.972389 -30.8903 30.9094  
-0.507588 -0.442339 0.580061 0.894955 0.547722 0.485909 13.57 13.5901  
-0.800922 0.612157 4.34769 4.46428 0.745441 -0.623265 0.138247 0.987126  
0.740069 1.25134 -1.81435 2.32736 -0.809561 -1.28231 -3.65486 3.95839  
-0.0998178 -0.0260948 0.431203 0.45579 0.167745 -0.0563974 -5.37379 5.37774  
-0.954692 0.988507 0.299706 1.41052 0.909523 -0.994665 -1.21826 1.81987  
0.296968 -0.264245 -7.78692 7.79778 -0.274319 0.309466 0.14272 0.450059  
0.678621 -1.09246 3.65099 3.87232 -0.679612 1.09192 0.699374 1.4678  
1.15738 -0.264238 -1.01453 1.56518 -1.22927 0.283253 -5.56414 5.70633  
-0.183601 -1.502 1.51561 2.14428 0.165804 1.53133 2.29921 2.76948  
-0.239827 -1.5279 -0.280931 1.57546 0.219168 1.47919 0.262359 1.52185  
0.0243631 0.576732 0.60013 0.839365 -0.00559096 -0.58393 -3.05606 3.11315  
-1.15792 0.923803 3.41327 3.72233 1.25496 -0.961601 2.67286 3.10724  
-0.0578988 -0.0356476 -8.92533 8.92621 0.00155508 0.0318928 0.256598 0.279331  
-1.25041 -0.677756 -8.34538 8.46637 1.18235 0.641212 -2.91028 3.2078  
-1.2111 -0.609186 1.56463 2.07295 1.21787 0.576253 5.10311 5.27903  
1.31767 0.435412 1.61166 2.12942 -1.25343 -0.43684 -0.0643912 1.33313  
-0.664145 0.464474 -0.505721 0.961115 0.778779 -0.292048 2.73412 2.85978  
-1.15072 -0.0696116 1.04528 1.55974 1.17288 -0.00631191 -0.989954 1.53846  
-0.84179 -1.30686 1.07773 1.89451 0.814491 1.28919 0.765672 1.70963  
0.580243 -0.63095 31.5495 31.5613 -0.565476 0.598641 2.62342 2.75166  
-0.484362 0.727477 -8.00603 8.05429 0.536647 -0.676349 -0.511436 1.00904  
0.701316 0.715705 -2.36446 2.5702 -0.765656 -0.707004 -17.8027 17.8335  
-0.138644 -1.49237 -3.13828 3.47942 0.103556 1.51217 -5.11334 5.3343  
-0.746308 1.01693 -84.4907 84.5002 0.713155 -1.02399 -22.058 22.0935  
0.975481 1.10654 -4.36602 4.6097 -1.04692 -1.0932 -7.66511 7.81385  
-0.970808 -1.19834 -1.83393 2.39853 0.968035 1.18824 -1.38472 2.06824  
1.07372 0.795378 -6.02181 6.16919 -1.01979 -0.78764 -18.9368 18.9809  
1.07794 1.0857 -4.42142 4.67983 -1.07476 -1.051 -6.48681 6.65955  
0.878623 -0.68399 -0.203975 1.13692 -0.879663 0.635046 2.47275 2.70236  
0.624903 -0.527681 -2.95471 3.06764 -0.641772 0.533667 -36.0562 36.066  
-1.01414 0.644552 -9.94426 10.0172 0.968126 -0.694758 -43.7779 43.7942  
1.39955 0.564538 0.302526 1.54277 -1.39701 -0.603434 -0.298133 1.55429  
0.741002 -0.859556 12.0936 12.1472 -0.733957 0.960144 2.5938 2.86348  
-0.65334 1.48315 31.3463 31.3883 0.494578 -1.37042 35.0301 35.0605  
-0.82287 -0.207946 32.6784 32.6896 0.845523 0.297531 3.2761 3.39815  
-1.10099 -0.0609965 2.09709 2.37168 1.12071 0.0488327 -0.355384 1.18146  
-1.3413 -0.135038 2.27592 2.64732 1.26449 0.174701 0.154005 1.29009  
0.694601 1.05775 -3.42523 3.65304 -0.721741 -1.04646 -0.557202 1.39199  
1.18083 0.831349 1.01132 1.76619 -1.21739 -0.827051 -0.0508027 1.47641  
0.203923 -1.35833 -0.746998 1.5671 -0.190226 1.31846 -3.07163 3.34972  
-1.12269 1.08489 2.38515 2.85263 1.04106 -1.07137 1.54437 2.15125  
0.375424 -0.239578 -0.244676 0.519009 -0.385399 0.241567 -16.6894 16.6959  
0.912499 1.08377 -5.92739 6.09527 -0.954005 -0.985615 -14.6071 14.6717  
-1.11229 0.542902 0.329276 1.28511 1.09379 -0.562028 3.09458 3.33164  
0.262037 -1.47185 2.56782 2.97319 -0.264243 1.42974 4.87664 5.08987  
-0.484456 -0.948621 1.53717 1.87313 0.531358 0.953915 -0.742223 1.32452  
-0.185317 -0.429993 0.153553 0.503963 0.236757 0.359361 13.0767 13.0842  
1.34197 -0.272678 -18.1598 18.2117 -1.39886 0.228232 -7.40833 7.54344  
0.720095 1.08805 1.89973 2.30706 -0.722942 -1.15615 6.58619 6.72669  
0.404009 -0.361146 -3.4941 3.53745 -0.401736 0.389027 0.50935 0.763764  
-0.674937 1.02542 -0.798203 1.4681 0.607099 -1.05746 -4.55763 4.7191  
0.701075 -1.35822 0.635608 1.65874 -0.683424 1.40236 0.541757 1.65479  
1.28764 -0.761192 -3.9687 4.24254 -1.32153 0.73146 -6.54619 6.71902  
-1.29999 -0.767306 24.839 24.8851 1.32886 0.763624 35.9097 35.9425  
-0.629769 0.913502 0.555559 1.24535 0.614889 -0.964125 -1.7108 2.06049  
-0.0782972 1.11136 -12.0775 12.1292 -0.058176 -1.24475 -62.907 62.9194  
-0.246132 1.24952 1.69835 2.12543 0.273098 -1.23861 -0.244081 1.29595  
-0.755091 -0.638736 -0.346247 1.05318 0.763302 0.638425 -5.23395 5.32875  
0.796712 1.14133 -1.72912 2.22225 -0.774599 -1.11187 -0.0732157 1.36117  
-0.957683 -0.86514 -16.934 16.9834 0.98897 0.891946 -56.5892 56.605  
1.25195 -0.922891 4.07953 4.36725 -1.21932 0.926223 4.44349 4.70111  
-1.32853 -0.779751 -0.25954 1.56574 1.33077 0.775916 -0.499551 1.62287  
-0.855379 -0.423934 22.134 22.1548 0.878455 0.493235 2.93605 3.10588  
-0.580585 -0.776668 -0.24223 1.00505 0.612313 0.796888 2.91743 3.08748  
1.52208 0.361589 -4.74206 4.99457 -1.4555 -0.421127 -5.49504 5.70109  
1.16672 0.571161 12.1651 12.2347 -1.19496 -0.563257 40.2433 40.2651  
-1.08485 0.658624 0.457824 1.35331 1.06581 -0.600271 3.27348 3.49616  
-0.626196 0.157727 28.7025 28.71 0.634569 -0.146204 1.35919 1.51083  
-0.0667822 -0.560839 3.04119 3.095 0.058951 0.548905 -0.619452 0.836455  
-0.525808 -0.355386 3.89033 3.94317 0.476439 0.45954 82.4994 82.5021  
0.270553 0.0242455 10.829 10.8329 -0.343407 -0.0853389 -0.0589258 0.373961  
0.713352 -1.15732 -5.57013 5.73461 -0.747372 1.13899 -15.7718 15.8309  
-0.600483 -0.21129 1.13173 1.30277 0.560769 0.262631 25.6203 25.628  
0.0304262 1.29234 1.14409 1.7295 -0.042654 -1.35151 4.60977 4.80516  
0.440338 1.4576 1.10439 1.88397 -0.480839 -1.47717 0.78042 1.74168  
0.666588 -1.35773 4.11435 4.38484 -0.618405 1.40774 2.93342 3.31365  
-0.0560203 -0.92104 -1.61927 1.86672 0.0584108 0.953444 0.89572 1.31375  
-0.760695 0.52477 -0.254353 0.964313 0.812139 -0.502447 -5.38206 5.46715  
0.597019 0.960022 -2.78258 3.00533 -0.599587 -0.957872 -15.1729 15.2153  
-1.0256 0.647791 -4.37059 4.53704 0.974571 -0.64732 -0.59875 1.31851  
-0.146152 0.46233 0.380696 0.625462 0.193794 -0.449683 18.5693 18.5761  
-0.889767 0.638434 6.79938 6.88782 0.86613 -0.700842 39.0774 39.0934  
0.268856 -0.00823596 3.51313 3.525 -0.236781 0.00959785 -0.645477 0.695673  
-1.02535 -0.233691 -0.449251 1.14845 1.13456 0.285229 1.9945 2.31469  
-0.222787 0.54051 -1.45474 1.57137 0.270721 -0.524695 -38.0145 38.0192  
-0.478138 0.142251 -0.537076 0.740585 0.43984 -0.174367 3.54143 3.57446  
0.553917 -0.241876 1.83821 1.93791 -0.57505 0.245799 -1.07802 1.25076  
0.99065 1.04076 17.0229 17.0838 -1.03599 -1.06099 8.87235 8.99604  
-1.38651 -0.466687 -1.74001 2.27574 1.40113 0.499512 -0.605795 1.60961  
-1.05552 -1.04993 -6.40848 6.57999 1.11075 1.02991 -10.599 10.7072  
-0.131843 0.476801 0.0755188 0.511457 0.145392 -0.433032 -7.75507 7.76923  
0.147776 -0.621355 0.453655 0.790498 -0.126805 0.688923 -3.44041 3.51259  
0.334425 0.0220102 -0.0602323 0.356534 -0.296644 -0.0502343 -15.8044 15.8076  
0.92117 -1.14352 3.91203 4.17987 -0.892726 1.14772 7.77913 7.91456  
-1.32657 -0.14596 -4.37193 4.57231 1.24288 0.177009 -14.2517 14.3073  
0.131909 1.37182 -2.72367 3.05431 -0.198304 -1.39408 -7.36903 7.5031  
1.12869 1.00965 0.981193 1.80755 -1.10538 -1.00524 0.218514 1.5137  
0.833889 -1.08932 2.78724 3.10835 -0.862086 1.15788 7.36906 7.50987  
-0.826718 1.29015 20.6592 20.7162 0.671755 -1.39254 16.9047 16.9756  
0.162487 0.93145 4.30741 4.41123 -0.176699 -0.904395 0.0423979 0.928501  
0.820296 -0.873214 -18.5356 18.5746 -0.876206 0.864218 -4.43125 4.60019  
0.0923091 1.08044 9.56162 9.62349 -0.0555307 -1.04371 57.5275 57.5371  
-0.64212 1.1035 3.59172 3.81335 0.686214 -1.12761 0.755349 1.5245  
-0.431129 0.182669 -0.997258 1.10676 0.459074 -0.202333 2.13029 2.19112  
0.607019 1.06676 2.91113 3.16106 -0.560577 -1.09597 12.3219 12.3837  
-0.00942803 -0.811275 -8.27751 8.31785 -0.0301513 0.847811 -0.500679 0.990725  
1.41189 -0.591715 0.427695 1.593 -1.44183 0.580029 0.251997 1.57797  
-1.18165 0.362484 2.24101 2.56144 1.16212 -0.334231 -0.0775473 1.21631  
1.03146 0.726193 -1.73432 2.14716 -1.08557 -0.657843 0.233986 1.29504  
-0.0314435 -1.52106 0.447739 1.58942 0.0241891 1.49905 1.17049 1.90498  
0.163338 -0.0266564 -0.449134 0.490178 -0.131966 0.056489 5.06726 5.07039  
0.991748 0.063162 18.7714 18.798 -0.953443 -0.00423384 2.18682 2.38797  
0.141543 -1.55824 -21.7913 21.8477 -0.10039 1.52198 -21.7757 21.8293  
1.04855 -0.0700545 3.32758 3.49118 -0.998666 0.0635693 22.3333 22.356  
1.17288 -0.970517 1.54169 2.16922 -1.19782 0.991659 2.00059 2.53608  
0.242702 -0.900723 8.31568 8.36851 -0.242993 0.899237 0.716678 1.18003  
0.951555 1.09279 1.18812 1.87682 -0.898626 -1.13803 0.0369243 1.45436  
0.21673 -1.35258 -35.7175 35.7439 -0.196061 1.38848 -14.1644 14.234  
-1.38394 0.389082 -0.17544 1.45211 1.41533 -0.354745 0.937285 1.73743  
0.193781 -1.21998 3.80946 4.00613 -0.231617 1.2275 15.451 15.5018  
1.21206 -0.845273 -2.06312 2.53992 -1.22923 0.941571 -3.4794 3.80985  
-0.746707 -1.22403 -4.4746 4.6999 0.722116 1.22115 -10.1349 10.2343  
0.65061 -0.16304 10.5975 10.6192 -0.670703 0.140977 0.388255 0.794747  
-1.35464 -0.571756 7.38474 7.53044 1.40416 0.575835 4.44561 4.69871  
-0.829899 1.10193 0.945871 1.67595 0.871422 -1.11987 3.1729 3.47735  
0.601464 -0.599757 -1.23834 1.50536 -0.565208 0.593425 -15.1837 15.2062  
0.469237 -0.517199 2.54611 2.64226 -0.372552 0.521498 -0.707655 0.96057  
-0.839721 -0.685838 -2.71263 2.92319 0.861578 0.737372 -16.3301 16.3698  
1.06297 0.187645 2.09745 2.36127 -1.08828 -0.14562 -0.396815 1.17226  
-0.885162 -1.2493 -6.88664 7.05558 0.98799 1.20266 -7.78821 7.94291  
-0.123748 0.700015 1.29417 1.48033 0.0492439 -0.706507 -1.45511 1.62175  
0.116171 -1.11051 -1.53787 1.9034 -0.0857703 1.08355 0.710024 1.30259  
0.15421 1.50077 -0.192308 1.52454 -0.132111 -1.49453 -0.93776 1.77246  
0.0212827 -1.53587 9.28832 9.41506 0.0285286 1.55156 8.67177 8.81016  
0.756015 -1.3138 -3.60029 3.9078 -0.787683 1.27868 -2.16945 2.64067  
-1.2402 0.622684 -10.0113 10.1076 1.18825 -0.58427 -27.2047 27.2371  
1.52275 -0.101452 5.29415 5.51074 -1.53023 0.128623 4.00791 4.29333  
0.000280509 1.12918 1.1117 1.58811 -0.0478046 -1.14576 7.01338 7.1073  
1.35179 0.0251747 11.6421 11.7208 -1.35595 -0.0318503 33.3517 33.3794  
0.775493 -0.87555 4.16796 4.33025 -0.791338 0.886138 0.550124 1.31349  
1.40628 -0.668639 -0.878989 1.79122 -1.26752 0.764255 -0.22466 1.50078  
1.47205 0.3651 0.0586568 1.52146 -1.54323 -0.296358 -0.0821322 1.57712  
-1.40329 0.37888 -3.78631 4.0571 1.42499 -0.455587 -1.9246 2.43996  
-0.272225 -1.52691 4.68762 4.93867 0.280483 1.51103 4.31689 4.58351  
0.138722 -0.408904 0.647874 0.785717 -0.15775 0.426505 -3.18166 3.21573  
-0.0391059 -0.184495 -1.76316 1.77636 0.068702 0.116778 1.3396 1.35057  
-1.05506 -1.00926 -10.1543 10.2593 1.24877 1.04455 -13.0683 13.1697  
1.25259 -0.658447 -3.17976 3.48204 -1.18854 0.653074 -0.862676 1.61075  
1.42187 0.0429326 -6.57231 6.72532 -1.34392 -0.0757557 -2.2383 2.614  
1.22368 -0.904574 -3.04433 3.40511 -1.22879 0.928093 -4.12926 4.40831  
-0.778707 -0.545714 1.29413 1.60939 0.768881 0.554774 12.1245 12.162  
-1.10648 -0.482123 15.8035 15.8499 1.08217 0.447348 3.30167 3.50477  
-0.506328 -0.682628 3.93108 4.0233 0.529694 0.722911 -0.0947357 0.907367  
-1.06989 0.0845589 -2.81708 3.01644 1.06635 -0.00450063 -17.7839 17.8162  
-0.210227 0.361294 -13.5084 13.5153 0.223799 -0.423233 -0.184876 0.52398  
-1.51387 -0.191034 5.60774 5.81259 1.4383 0.177037 9.39041 9.50216  
-0.820281 1.05512 -1.43098 1.96087 0.791533 -1.12194 -4.86173 5.053  
-1.2721 0.916864 -6.88503 7.06213 1.21504 -0.914867 -6.32092 6.50219  
0.0906477 -1.02671 1.7043 1.99453 -0.0439646 1.09941 -0.644842 1.2797  
0.193502 -0.04258 1.28354 1.30303 -0.256319 0.0659065 -1.81875 1.84094  
-1.11556 0.379375 26.9664 26.9923 1.07582 -0.391927 5.35165 5.47378  
-1.41977 -0.318233 1.35531 1.99124 1.51319 0.342841 0.568178 1.65568  
-0.137432 1.53269 3.48951 3.81522 0.171945 -1.51492 4.57996 4.82822  
-0.37246 0.842409 34.2323 34.2449 0.321441 -0.854231 3.65025 3.76411  
-1.28278 -0.693349 4.05622 4.31165 1.21774 0.685301 8.90527 9.01485  
0.222828 -0.459094 -6.95229 6.97179 -0.243609 0.501603 0.0733511 0.572272  
1.35942 -0.598031 2.13747 2.60492 -1.40576 0.562992 3.7988 4.09086  
-1.46074 -0.311961 21.0078 21.0611 1.42604 0.326776 11.3003 11.3951  
-0.607955 -0.119557 3.25719 3.31728 0.622362 0.12375 -0.511246 0.821696  
-1.47607 -0.402144 21.2793 21.3345 1.40646 0.396826 33.9658 33.9974  
-1.14289 0.415197 -0.908431 1.52151 1.21988 -0.399137 -4.84106 5.00944  
0.849151 1.12574 0.291451 1.44376 -0.74132 -1.15055 -1.09962 1.75888  
1.30488 0.812844 5.34722 5.56483 -1.29665 -0.796896 7.08183 7.2443  
-1.21221 -0.0642867 1.5555 1.97594 1.26153 0.102544 -0.397931 1.33097  
-0.599794 0.489184 -115.072 115.075 0.597488 -0.524119 -8.90379 8.93982  
0.290579 1.44285 -0.544697 1.57293 -0.26059 -1.46607 -1.63726 2.21564  
1.41204 -0.501592 -1.86859 2.39755 -1.3397 0.555875 -3.68975 3.96601  
0.797631 -1.30066 -4.98324 5.21266 -0.757247 1.36259 -4.48083 4.74543  
1.00931 0.941567 -2.94559 3.25468 -0.996704 -0.944627 -0.754751 1.57053  
-0.116525 1.49306 -3.48535 3.79495 0.147324 -1.54758 -2.53574 2.97621  
1.45048 0.485903 -22.2065 22.2594 -1.45825 -0.483409 -28.595 28.6364  
-0.583126 0.939903 4.112 4.25948 0.612236 -0.970528 22.999 23.0279  
0.255059 1.29534 -1.60923 2.08417 -0.212532 -1.30776 -5.72473 5.877  
-0.295892 0.107255 -0.93118 0.988593 0.242192 -0.12046 2.43931 2.45654  
0.22168 -1.36628 -4.25757 4.47816 -0.247498 1.39127 -1.52661 2.08293  
0.477435 1.18394 3.11059 3.36401 -0.425838 -1.21596 11.4283 11.5012  
0.825885 0.936973 3.30812 3.53763 -0.821145 -0.865617 13.5422 13.5951  
0.863343 1.21162 -1.05232 1.82536 -0.969581 -1.2781 -1.14736 1.97515  
0.065302 -0.856494 12.1649 12.1956 -0.0405108 0.907062 1.12063 1.44616  
-1.15047 0.913697 3.28729 3.6022 1.10824 -0.900702 1.30832 1.93967  
1.43595 0.679909 1.03845 1.90099 -1.3649 -0.627319 0.964672 1.78836  
1.08705 0.116895 12.7476 12.7948 -1.06082 -0.121326 1.95173 2.22721  
-0.876857 0.905036 -0.56031 1.38314 0.905446 -0.910107 -3.45841 3.69051  
-0.0065681 1.37091 2.41171 2.77614 -0.0142316 -1.42322 0.613572 1.55351  
0.37338 0.636189 1.66816 1.82704 -0.374827 -0.571844 26.839 26.8479  
-0.491525 1.42593 -38.8065 38.8359 0.494337 -1.41454 -24.136 24.1827  
-0.0572355 -1.50889 1.83404 2.378 -0.0107131 1.48668 0.819496 1.7009  
-0.200678 -1.09948 -2.7089 2.93231 0.210768 1.0431 -15.6124 15.649  
1.25414 -0.36871 31.7578 31.7849 -1.28563 0.414217 10.6378 10.7237  
0.480367 -0.124182 -3.03431 3.07642 -0.479749 0.17527 0.649208 0.832775  
-1.35434 -0.51863 1.0093 1.77005 1.3777 0.47614 -0.0799579 1.46367  
1.25143 -0.407825 -1.86385 2.28418 -1.30804 0.469641 -0.129701 1.39983  
1.32809 -0.0728521 -3.30062 3.56011 -1.26835 0.0171651 -0.561998 1.39141  
0.152681 0.161529 0.429368 0.494898 -0.178846 -0.193111 -5.10864 5.11651  
-0.94303 -1.20617 20.2806 20.3386 0.989231 1.18944 17.156 17.2259  
0.39933 -0.919008 32.5327 32.5483 -0.380482 0.948144 4.59839 4.7117  
0.995896 -1.05561 0.232194 1.4735 -1.02137 1.0497 1.39284 2.02392  
-0.295081 -1.06391 3.17166 3.36 0.303038 1.05907 0.0484801 1.10769  
-0.775654 1.03788 -0.352868 1.34704 0.724994 -1.01009 1.51174 1.96021  
-1.4208 0.464642 4.32307 4.57544 1.4865 -0.475858 3.25975 3.6157  
-1.22045 -0.86018 -22.932 22.9808 1.30113 0.904355 -20.1835 20.2459  
1.17545 -0.649303 -41.3098 41.3318 -1.1335 0.708199 -13.7779 13.843  
0.395132 0.213501 0.830979 0.950474 -0.393215 -0.172137 -2.5574 2.59532  
1.13123 -0.596277 -9.00711 9.09804 -1.15123 0.616871 -2.55154 2.86834  
0.140414 0.373459 -0.451894 0.612013 -0.190028 -0.292892 4.35988 4.37511  
-0.0633414 1.25923 -7.39474 7.5022 0.0277545 -1.31075 -26.9009 26.933  
0.785482 -0.801345 -9.64535 9.71098 -0.799107 0.838123 -51.1493 51.1625  
0.85153 -0.0359211 -9.52608 9.56471 -0.854135 -0.00418274 -104.137 104.141  
0.721887 1.24556 1.70943 2.23738 -0.74997 -1.24787 0.412755 1.51696  
-0.26664 -1.1827 1.60469 2.01397 0.319426 1.18378 -0.422767 1.30125  
0.817435 -0.898925 -3.21665 3.4401 -0.895411 0.877549 -13.7185 13.7761  
-1.12494 -1.00584 17.8675 17.9314 1.1113 1.06745 25.257 25.3042  
-1.01975 -0.12095 -1.25119 1.62208 0.998481 0.116105 1.08061 1.47964  
0.222134 -0.116297 -0.821011 0.864923 -0.192065 0.0748374 2.80239 2.81195  
1.19558 -0.332833 2.81702 3.08009 -1.10346 0.340689 12.092 12.1475  
-0.703634 -0.608317 -4.42754 4.52542 0.691781 0.5517 -0.0162025 0.891269  
1.0449 -1.13931 -0.587678 1.65722 -1.05114 1.11459 -0.304938 1.56568  
0.322016 -0.63224 1.25349 1.44424 -0.261949 0.644915 -1.50739 1.66371  
0.591681 -0.910566 1.59415 1.93176 -0.575461 0.980311 10.152 10.216  
-1.52489 -0.0051121 -2.83781 3.2233 1.56468 0.0499134 -2.92346 3.31791  
0.795438 0.655835 1.88927 2.15484 -0.760871 -0.647778 -0.632946 1.18757  
-1.29536 -0.80962 3.53118 3.84887 1.30605 0.815349 4.60943 4.86092  
-1.09693 1.09185 -1.12783 1.91796 1.13264 -1.04657 -1.05736 1.87279  
-1.20511 -0.865621 29.0098 29.0479 1.2888 0.815077 18.6823 18.7447  
0.596607 0.854804 -22.1433 22.1681 -0.575118 -0.829797 -3.04091 3.20587  
-0.0971571 -1.2426 -0.962986 1.57861 -0.00211626 1.32005 0.760923 1.52732  
-1.05805 -1.06536 1.79731 2.34434 1.08552 1.09394 2.82356 3.2185  
1.02246 1.04419 1.02824 1.79003 -1.02728 -1.09622 2.36962 2.80772  
-0.974829 -0.175479 4.63199 4.73789 0.970447 0.213292 0.227671 1.02482  
1.51204 0.388597 1.09511 1.9099 -1.47246 -0.313134 0.621773 1.63216  
-0.033967 0.144022 0.0899095 0.202839 0.00758157 -0.103068 -16.2893 16.29  
0.200022 1.45665 -0.589531 1.58762 -0.246303 -1.41588 -1.90997 2.3926  
-0.665987 -0.029491 -6.03273 6.07037 0.737977 0.0742947 -0.0440087 0.750487  
-0.502802 0.325082 13.9016 13.9149 0.476842 -0.407543 0.480594 0.797248  
-0.030129 -0.782963 -0.660924 1.0305 0.0408414 0.834858 2.3521 2.49844  
0.847768 0.0663359 -0.733867 1.1282 -0.860727 -0.105472 2.06637 2.24344  
1.48409 -0.30602 0.968364 1.80141 -1.52135 0.317358 1.44934 2.12767  
-1.06312 0.319835 -2.40846 2.65412 1.03945 -0.306025 -14.1252 14.1671  
1.41708 -0.578968 -2.09798 2.59923 -1.46035 0.537894 -1.90144 2.45939  
1.06985 0.760759 7.46233 7.57766 -1.09599 -0.820091 23.247 23.2875  
-0.355414 0.800763 3.02252 3.1487 0.329029 -0.854676 -0.305887 0.97132  
1.50385 -0.121015 2.16643 2.64212 -1.54811 0.163047 3.0076 3.38822  
-0.334835 -0.169703 -0.770468 0.863538 0.302808 0.228947 2.82763 2.85495  
-0.692206 -0.201626 -1.87494 2.01156 0.650408 0.15099 -31.3949 31.4022  
-0.356743 -0.563017 1.99599 2.10699 0.370942 0.589935 -0.931411 1.16804  
-0.239995 0.697122 0.836242 1.11984 0.195331 -0.751518 14.778 14.7988  
-0.168161 0.365506 -3.29748 3.32361 0.321453 -0.0411723 0.671177 0.752775  
-0.832039 0.0946563 -5.22809 5.29578 0.78169 -0.172981 -0.0310702 0.80814  
-0.80462 1.25998 -1.91797 2.43408 0.785106 -1.22326 -3.78119 4.05232  
0.239821 1.05833 5.14457 5.25883 -0.146124 -1.01141 0.419196 1.10959  
-1.17734 1.01262 -31.4506 31.4891 1.1551 -1.01366 -30.835 30.8735  
0.667357 0.209851 -0.336147 0.783302 -0.713333 -0.264792 3.74434 3.82233  
-0.645979 -0.935853 -2.5021 2.75041 0.641209 0.92577 -13.5933 13.6403  
0.837528 -1.18484 -5.99757 6.17149 -0.894631 1.17624 -3.0322 3.3748  
0.542437 -1.05414 4.67369 4.82286 -0.559393 1.08375 21.2304 21.2657  
0.656268 -0.353695 3.80289 3.87672 -0.695259 0.391287 -0.244304 0.841034  
-0.0838664 -0.469414 1.16121 1.25974 0.0755268 0.464802 -1.85139 1.91326  
-0.425976 0.420743 -1.4154 1.54045 0.431309 -0.43166 1.42803 1.55653  
0.641929 -0.59739 0.938484 1.28874 -0.660654 0.674023 11.151 11.1914  
-0.415062 1.22795 4.16015 4.35869 0.334904 -1.23134 0.866907 1.5463  
1.21007 0.921797 -0.836947 1.73943 -1.19881 -0.993931 -1.1857 1.96013  
0.569736 0.72453 -4.37499 4.47228 -0.611524 -0.729362 -39.6313 39.6429  
0.167001 0.987648 0.349697 1.0662 -0.106705 -0.958141 -2.56447 2.74173  
0.188902 -1.52886 -9.62923 9.75225 -0.162472 1.53986 -10.1818 10.2994  
-0.614389 0.14079 -22.0988 22.108 0.604746 -0.141081 -0.901154 1.09948  
1.41605 -0.105572 -2.67338 3.02894 -1.44972 0.14597 -0.972348 1.75488  
0.642875 0.885154 -6.55408 6.64559 -0.612541 -0.809452 -0.68677 1.23014  
0.592242 -0.428235 -1.65852 1.81549 -0.430663 0.409775 1.17701 1.32284  
-0.101591 -0.111721 22.4031 22.4039 0.134522 0.110122 -0.00875854 0.203626  
0.437995 -1.29017 1.69315 2.17584 -0.510071 1.26614 0.0311354 1.36946  
-1.41385 0.0829857 4.5292 4.74665 1.37895 -0.0552818 11.1467 11.2323  
-0.245807 0.396615 -0.58721 0.757432 0.26788 -0.366311 3.38331 3.41524  
-0.555091 -1.40109 -1.24279 1.95624 0.537791 1.38086 -0.349532 1.52621  
1.01367 -0.537032 -2.63726 2.87789 -0.924912 0.597089 0.122798 1.11275  
-1.30599 0.427224 2.54453 2.89377 1.30052 -0.397146 0.510184 1.4562  
-0.509827 -0.0985328 -4.56656 4.5972 0.490154 0.172954 0.349637 0.635275  
-0.428677 0.73917 10.1913 10.2276 0.453215 -0.805825 0.924356 1.31162  
-0.206772 -0.820037 -0.140805 0.863832 0.159444 0.826806 -5.55738 5.6218  
-0.769864 -0.275349 0.650406 1.05009 0.741033 0.318274 10.2379 10.2702  
-1.50378 0.223995 -0.91947 1.77992 1.48873 -0.208294 -1.74384 2.30474  
-0.709528 0.362105 -0.425954 0.909478 0.679077 -0.264893 -8.64043 8.67176  
-0.10061 0.0334472 -0.0925336 0.175975 0.145775 -0.0752203 17.753 17.7541  
-0.462113 -1.06194 1.20578 1.67521 0.427113 1.10898 6.89598 6.99843  
0.43309 0.0601445 0.824034 0.938818 -0.384449 -0.0473154 40.1873 40.1893  
0.357859 0.858696 -1.59716 1.85135 -0.301576 -0.86174 0.940444 1.31497  
0.976006 0.446213 -1.2607 1.65898 -0.92302 -0.442324 -9.0114 9.06996  
1.07498 -0.458657 1.48551 1.89311 -1.04327 0.426613 -0.662418 1.31163  
1.07518 -0.227209 -1.27131 1.68375 -1.06981 0.230777 -8.39078 8.46251  
0.898608 -0.643731 44.9668 44.9805 -0.952775 0.662914 9.00753 9.08262  
-1.30867 0.818504 -5.70804 5.914 1.3117 -0.815345 -6.11128 6.3043  
-0.645201 0.795991 -0.0865365 1.0337 0.602792 -0.7649 3.24676 3.39132  
1.02331 -0.93634 -7.46452 7.59303 -0.985745 0.939443 -19.7444 19.7916  
-0.301775 1.45356 0.674249 1.63392 0.300566 -1.38802 -0.390537 1.47669  
-1.14609 1.00103 1.19069 1.93507 1.16906 -1.01207 0.772367 1.73168  
-0.0203813 0.0386528 0.149011 0.187823 0.0262116 -0.0853544 -14.1914 14.1921  
0.801503 -0.844115 12.1194 12.1756 -0.866485 0.905363 2.91558 3.17526  
0.869102 -1.07195 -4.223 4.44402 -0.84315 1.03067 -1.17317 1.77783  
0.683667 -1.13213 0.317426 1.3642 -0.692102 1.12882 2.45852 2.79441  
0.903291 0.759916 2.36894 2.64886 -0.899995 -0.78602 11.4611 11.5237  
0.50889 -0.0352951 -47.5085 47.5114 -0.498317 -0.0050668 -1.31414 1.40942  
1.2134 -0.320474 -14.038 14.0944 -1.23368 0.312741 -3.75749 3.96859  
-1.46645 -0.119804 11.6641 11.757 1.43292 0.175877 5.68046 5.86199  
-0.640793 1.4271 10.9388 11.0506 0.622072 -1.38675 12.0154 12.1116  
0.293767 1.29043 -3.84134 4.0643 -0.324258 -1.28343 -0.919328 1.61514  
1.25337 0.927135 -6.20738 6.40103 -1.23362 -0.903486 -5.6785 5.88172  
-0.545121 -0.509301 0.60187 0.964342 0.516224 0.546444 -2.63101 2.73833  
-0.541396 1.24582 -0.175827 1.37377 0.502686 -1.07378 1.71884 2.09076  
0.578796 0.0991467 -2.06467 2.14915 -0.555252 -0.0802159 0.978558 1.13291  
1.06723 -0.105733 -0.766512 1.32245 -1.06245 0.183535 -6.31182 6.40412  
0.541818 -1.32725 6.42204 6.58095 -0.473987 1.32794 2.62291 2.97975  
1.38998 0.688966 46.5051 46.5311 -1.3547 -0.714146 40.0531 40.0825  
-0.931524 -1.07629 -12.5889 12.6696 0.938682 1.12538 -6.11794 6.2919  
-1.33247 0.402886 -9.5521 9.65358 1.4102 -0.428041 -4.51386 4.74952  
0.138538 1.56506 -1.79867 2.3906 -0.0976204 -1.48119 -1.07916 1.83826  
1.46869 0.286083 -15.5663 15.6384 -1.45225 -0.321095 -26.3585 26.4006  
1.09143 -1.03637 -7.35901 7.51209 -1.08354 1.0859 -10.8626 10.9709  
0.979968 1.07194 -0.225979 1.47364 -0.955449 -1.095 0.845555 1.68465  
-0.88959 -0.61734 0.988367 1.46987 0.945268 0.626288 -1.17024 1.63291  
-1.01056 0.921126 2.54154 2.88796 1.04362 -0.875602 0.504989 1.45671  
0.628424 -1.02676 -1.0914 1.62833 -0.614592 1.10102 -5.66215 5.80182  
1.21095 0.0474629 -97.5407 97.5483 -1.22635 -0.0564129 -23.7468 23.7787  
0.275282 -1.14381 -29.0784 29.1024 -0.180721 1.13216 -5.78706 5.90048  
0.322179 -0.391746 -16.1691 16.1774 -0.317654 0.393839 -0.337769 0.617466  
1.03081 -0.481639 -2.88474 3.10281 -1.02275 0.477541 -0.00579781 1.13369  
1.15844 0.903985 -0.555094 1.57431 -1.21284 -0.915829 0.227657 1.54036  
1.31328 -0.85302 -10.0296 10.1517 -1.27702 0.830307 -10.0558 10.1711  
-0.548 -0.68135 0.2346 0.911451 0.572757 0.68643 5.8205 5.8897  
-0.186447 1.05681 -3.18656 3.36407 0.20819 -1.05172 -19.9214 19.9505  
-0.154051 0.364499 7.81588 7.8266 0.24796 -0.295255 -0.161651 0.431224  
0.502689 -0.886216 0.102923 1.02948 -0.481735 0.891594 -3.16763 3.32747  
0.0708546 1.49899 0.209244 1.51886 -0.0506915 -1.50923 0.954681 1.78967  
-0.048912 -0.27483 -0.70943 0.769661 -0.00236773 0.296248 3.17154 3.1871  
-0.657161 -0.447389 6.34827 6.39873 0.699951 0.500346 0.268897 0.907605  
0.233313 0.390546 -0.00843197 0.467114 -0.155704 -0.416085 -9.98681 9.99725  
-0.289828 0.540582 1.74961 1.85702 0.260701 -0.56042 -1.13835 1.29963  
-0.768914 -0.164233 23.2718 23.2853 0.735275 0.160562 1.52216 1.70134  
0.354192 1.23957 1.42381 1.92364 -0.364371 -1.25467 5.62146 5.77226  
0.597233 1.29426 2.53206 2.90763 -0.614469 -1.39746 1.20976 1.95068  
0.423955 -1.29366 -1.3629 1.92924 -0.432208 1.21079 -4.77588 4.94702  
0.0211919 0.782211 -0.082733 0.793922 -0.0880807 -0.808529 4.67066 4.74212  
1.15053 -1.05588 -1.62753 2.25801 -1.1121 1.04319 -1.80746 2.36708  
-0.0021559 0.16896 -0.525548 0.562065 0.00257795 -0.102392 4.38149 4.38396  
-0.444176 -1.46951 -0.225721 1.55527 0.482692 1.47721 -0.297875 1.58589  
0.0806233 -0.630226 -11.1545 11.1731 -0.0938775 0.622351 -0.32374 0.715615  
-1.06198 -1.00731 -2.0637 2.53229 1.09029 0.992086 -0.77399 1.66829  
1.08703 -0.797503 4.0131 4.23483 -1.04304 0.775891 0.943164 1.60955  
-1.39407 -0.348134 -0.293656 1.47038 1.3759 0.342791 0.907645 1.68689  
-0.875092 -1.20919 -3.35095 3.66987 0.924681 1.17405 -1.81394 2.35265  
-0.43613 -1.45201 -3.51249 3.82718 0.446125 1.4991 -4.30754 4.58393  
1.14317 0.5443 -6.31693 6.44344 -1.09577 -0.462652 -1.22804 1.71289  
0.0329063 1.53901 -59.7023 59.7222 -0.0920242 -1.54449 -54.4713 54.4934  
0.46655 0.574149 -0.162355 0.764748 -0.445703 -0.571178 4.53358 4.59232  
-0.983683 -1.18648 -0.00757369 1.54486 1.00213 1.11524 0.547129 1.59954  
0.060247 0.69261 4.49732 4.55197 -0.0777573 -0.781702 77.2273 77.2314  
1.31958 0.71939 -24.0924 24.1395 -1.3408 -0.8159 -20.1647 20.226  
0.885183 -1.12534 -1.40545 2.00908 -0.91104 1.11531 -0.135844 1.45035  
-0.243143 -1.1516 -3.37734 3.57811 0.187367 1.1792 -16.0354 16.0801  
1.30162 -0.4406 5.80142 5.96288 -1.27854 0.471189 15.8681 15.9268  
-1.05887 -1.0518 0.837625 1.71472 1.11105 1.14674 1.04619 1.91184  
-1.34781 -0.141975 0.334178 1.39985 1.33464 0.18008 -1.22327 1.82243  
-0.229729 -0.97315 -2.62221 2.80837 0.242506 0.919269 0.365433 1.024  
-1.10118 -0.397592 -0.59281 1.31653 1.1459 0.383607 -4.35454 4.52033  
-0.998408 0.0640526 -20.6426 20.6671 1.06015 0.0416733 -3.12845 3.30515  
1.04927 -0.827781 -2.92386 3.21657 -1.07468 0.870716 -8.8409 8.94906  
0.975394 0.0365009 -15.0019 15.034 -0.996994 -0.00249263 -1.88942 2.13894  
0.531163 0.725939 -1.37049 1.64272 -0.557994 -0.734622 1.13128 1.46355  
1.49721 -0.118544 4.47852 4.72483 -1.46147 0.0669722 7.92585 8.06044  
0.451374 -0.724474 1.05718 1.36286 -0.521329 0.676576 -1.55184 1.77452  
-0.760401 -1.23218 1.30885 1.95467 0.73055 1.29181 0.234962 1.50627  
1.28827 0.0402801 1.22424 1.78078 -1.23868 0.00414232 -0.597953 1.37951  
0.691301 -0.431088 -0.701802 1.08047 -0.672222 0.460569 2.22313 2.37012  
0.922664 -0.302465 0.575044 1.13342 -0.93364 0.385475 -2.07171 2.30725  
-0.316371 0.143962 -0.14454 0.390987 0.266652 -0.115512 8.74156 8.74703  
-0.435761 -1.22891 0.746833 1.50633 0.425561 1.24015 -0.901167 1.59447  
-1.42399 -0.15158 96.824 96.8346 1.59899 0.165408 74.2872 74.3047  
0.312548 0.41336 3.59989 3.63853 -0.364082 -0.380946 -0.506897 0.738772  
-0.914579 0.0692116 6.64491 6.70874 0.900316 -0.0815138 0.414447 1.00007  
0.272419 0.536661 1.25867 1.39915 -0.258222 -0.56829 -1.59523 1.71626  
-0.182521 -1.32776 -0.314245 1.38064 0.095668 1.36671 1.24562 1.85466  
-0.469704 -1.23653 -6.27837 6.41706 0.501164 1.13045 -1.44489 1.90472  
-0.458029 0.957994 1.1666 1.58103 0.578458 -1.01968 -0.969773 1.52512  
0.220864 1.33822 -2.72959 3.04983 -0.147124 -1.3824 -7.9007 8.02277  
-0.365457 0.975738 3.37457 3.53334 0.336509 -0.983925 -0.00238415 1.04523  
-0.549363 -1.34835 5.78969 5.97089 0.562343 1.3566 2.8644 3.22064  
-1.43478 -0.445336 40.3426 40.3707 1.48573 0.448872 56.6503 56.6717  
-1.16368 -1.0271 -3.30536 3.65317 1.19074 0.973573 -3.31116 3.65249  
-0.890479 -0.337442 -0.138556 0.968081 0.92299 0.286174 -4.54025 4.64315  
0.468589 -1.38111 1.22818 1.90962 -0.547903 1.41127 0.308565 1.54863  
-0.126357 1.34204 16.8825 16.9366 0.167251 -1.42358 45.6908 45.7134  
1.54372 0.0246123 1.55501 2.19383 -1.51752 0.0150882 2.17991 2.65824  
1.13656 0.57437 30.3122 30.3391 -1.18489 -0.711775 10.5782 10.6686  
1.05318 0.511546 2.49013 2.75368 -1.02246 -0.557239 12.411 12.466  
-1.06522 -0.116386 -0.0803692 1.07975 1.08846 0.0582041 -3.43674 3.607  
1.54145 -0.126122 6.58623 6.76621 -1.52721 0.13454 7.69523 7.84718  
0.470657 -0.521722 -4.73721 4.7902 -0.578166 0.50998 0.10269 0.784898  
0.362487 -1.26056 -1.78904 2.22086 -0.349182 1.31218 -0.011861 1.362  
1.49577 -0.42337 9.39901 9.52728 -1.46645 0.447683 9.99876 10.1162  
1.50323 -0.375105 7.53816 7.69646 -1.51246 0.293405 7.83277 7.98355  
-0.0507477 1.4596 -4.52405 4.75512 0.0732571 -1.48456 -2.32353 2.7603  
-0.492358 -0.837297 1.09399 1.46679 0.519866 0.765429 10.2621 10.3043  
-0.837064 -1.21965 0.235641 1.50164 0.819176 1.24103 1.19102 1.90811  
-1.32568 -0.729511 -0.142929 1.52355 1.35176 0.723116 -0.683493 1.68181  
-0.370353 -0.912169 -6.21915 6.29748 0.439919 0.900796 -0.553546 1.15002  
0.728841 -1.39053 2.14277 2.65846 -0.695953 1.34978 2.24556 2.71292  
-0.877584 -0.373732 -9.5962 9.64407 0.885633 0.341873 -0.948799 1.34633  
0.271376 -0.977938 40.3699 40.3828 -0.260305 1.07047 6.8668 6.95541  
-0.104995 -0.309328 -0.104683 0.358929 0.154803 0.299287 -18.3851 18.3885  
-0.403889 -1.49573 -1.33235 2.04613 0.403466 1.4865 -1.29277 2.01367  
-0.491791 -0.0432264 -0.402836 0.645885 0.512038 0.0566551 4.29972 4.33176  
0.116286 -1.50046 -15.6791 15.7515 -0.070782 1.58445 -16.9049 16.9795  
-0.979707 0.0681382 -3.92492 4.0473 0.953762 -0.133038 -30.8814 30.8966  
0.34917 -0.817794 -2.5169 2.67145 -0.405215 0.790769 0.499783 1.02492  
-1.10016 0.861231 -2.33902 2.72658 1.15736 -0.789785 -0.547785 1.50814  
-1.13593 -0.220358 -2.07853 2.38125 1.11981 0.212455 0.309036 1.18566  
-1.19457 0.391829 -10.7261 10.8 1.21825 -0.413376 -2.91171 3.185  
0.0821598 0.308376 8.34886 8.35563 -0.0705757 -0.32339 -0.172291 0.387827  
1.4175 0.435735 10.2854 10.3923 -1.47662 -0.36623 6.48419 6.66111  
-0.100076 1.25663 0.17569 1.27717 0.114033 -1.24676 2.57416 2.86442  
-0.717615 -1.37383 -1.41942 2.10435 0.666701 1.29341 -0.508999 1.5452  
-0.795589 1.24333 1.42031 2.05116 0.750658 -1.28906 2.92549 3.28555  
0.0302461 -1.11198 1.66645 2.0064 -0.0238134 1.16105 -0.545747 1.28748  
-0.635657 -0.801392 -0.240211 1.05601 0.576008 0.775926 -4.51969 4.62305  
1.12601 -0.810066 -0.159644 1.40027 -1.13052 0.79203 -1.77603 2.25185  
-0.331424 0.973424 3.46912 3.61986 0.307812 -0.88459 -0.1112 0.949093  
-0.684851 -1.32797 -1.54966 2.15526 0.801462 1.35185 -2.28264 2.77335  
0.270816 -0.200626 -4.15408 4.16907 -0.27898 0.143078 0.51355 0.6109  
-1.50573 -0.132793 5.59102 5.79271 1.49474 0.146698 3.45341 3.76736  
-0.343207 1.46103 -2.26212 2.71675 0.408685 -1.5196 -3.01685 3.40423  
-0.0377369 0.318462 -0.728653 0.803082 -0.0307507 -0.280477 3.05785 3.07266  
0.564827 -0.835533 1.85025 2.10991 -0.597281 0.917229 13.8176 13.8613  
0.423654 -1.43636 0.307645 1.53246 -0.49448 1.45059 -0.300561 1.56532  
0.350864 0.323301 -1.53967 1.61536 -0.361211 -0.333321 1.39718 1.48487  
0.916175 -0.688515 0.519494 1.26272 -0.874883 0.694926 4.48019 4.61862  
0.0707905 -0.857916 18.21 18.2306 -0.0469171 0.841252 1.52138 1.74232  
1.41473 -0.516483 2.07707 2.5678 -1.3984 0.542837 1.05561 1.8373  
-0.0858281 -0.0651292 -38.7983 38.7986 0.0395117 -0.128365 -0.0565635 0.180005  
0.190424 1.46772 -18.1205 18.1811 -0.172179 -1.50767 -30.4893 30.5272  
0.425443 -0.396919 -1.44348 1.55992 -0.262298 0.276953 1.49247 1.54406  
-0.570124 1.35768 1.29626 1.96463 0.530836 -1.3681 2.88827 3.24141  
-1.14782 0.643773 -0.176797 1.33205 1.13846 -0.637613 -2.24723 2.60074  
0.427168 0.509946 -3.66498 3.72636 -0.429689 -0.524144 0.383407 0.785827  
0.439151 -1.28594 -6.65097 6.78919 -0.439615 1.2442 -19.4291 19.4741  
-1.30348 0.678775 -23.7163 23.762 1.30862 -0.663882 -12.4458 12.5325  
0.833947 -0.77234 6.36984 6.47132 -0.858536 0.70296 33.559 33.5775  
0.413451 0.291322 -2.37983 2.43528 -0.374528 -0.30427 0.877481 1.00697  
-1.09343 -1.0837 13.7378 13.8242 1.09975 1.0794 11.7559 11.8569  
-1.30228 0.333882 1.10571 1.74389 1.26861 -0.339138 -0.50501 1.41088  
0.593616 -0.620964 0.183201 0.884705 -0.558283 0.606003 -3.74162 3.83273  
-0.642233 1.05854 0.177717 1.25528 0.628138 -0.921722 -2.13417 2.41039  
-1.25664 -0.364044 -8.01154 8.11835 1.30915 0.33486 -2.5476 2.88573  
-1.36326 -0.615515 3.11284 3.45518 1.42184 0.592032 4.80879 5.05052  
-0.4428 -0.086835 -6.64405 6.66019 0.446453 0.0781002 0.186652 0.501421  
-1.2178 0.687097 -22.58 22.6235 1.25461 -0.747809 -10.5773 10.6782  
-1.251 0.791562 1.38765 2.03182 1.18996 -0.800679 0.209585 1.45333  
0.593022 0.0960994 -0.912346 1.09747 -0.655369 -0.0245346 -23.6769 23.6862  
-1.45691 -0.160536 3.36995 3.67642 1.41421 0.205852 7.05132 7.19546  
0.692724 1.11281 2.36505 2.70607 -0.651645 -1.29866 7.32956 7.47294  
0.960398 0.740531 -0.206204 1.23468 -0.861211 -0.748418 -3.05921 3.26676  
1.0438 1.03939 3.85462 4.12785 -1.04251 -0.997536 7.69419 7.82902  
-1.18981 -0.4968 -48.8945 48.9116 1.16486 0.50486 -13.586 13.6456  
-1.2887 0.7977 -0.806991 1.72031 1.29078 -0.829534 -1.43126 2.10093  
0.596213 0.751497 4.88327 4.97772 -0.629099 -0.763816 0.264223 1.02964  
0.105946 1.11263 5.3489 5.46544 -0.138719 -1.08723 29.5855 29.606  
-0.961679 0.996352 9.22987 9.33377 0.929362 -1.05837 3.65985 3.92295  
-0.495583 -0.470399 0.323915 0.76352 0.42536 0.537827 9.78686 9.81142  
-0.398618 -0.634386 1.29058 1.49603 0.391163 0.608384 20.554 20.567  
-0.232045 -0.0863323 8.84933 8.85342 0.260518 0.116928 -0.179236 0.353314  
-0.992135 -1.07233 -10.3464 10.4496 0.932617 1.1022 -4.95027 5.15761  
-0.410193 -0.931031 -0.693953 1.23605 0.423732 0.997199 -6.58871 6.67804  
-0.0669835 -1.34588 2.46393 2.81034 0.0590364 1.29315 0.28222 1.32911  
-0.00937177 0.359549 22.0843 22.0875 0.0127416 -0.339501 0.194393 0.405433  
0.907763 -0.0975 -9.38888 9.43376 -0.871797 0.14377 -0.737497 1.15575  
-1.38023 -0.560723 4.07652 4.3415 1.36382 0.624694 2.3055 2.75259  
-0.536658 0.990137 0.698637 1.32952 0.470733 -0.962032 -1.54288 1.88115  
-0.8473 0.534681 -3.17817 3.33403 0.902556 -0.578424 0.0367341 1.07782  
-0.936466 -0.499881 -1.96796 2.2385 0.964961 0.56556 0.45106 1.21063  
-0.315799 0.87725 1.81172 2.04029 0.277726 -0.879732 -0.79219 1.22057  
0.778869 0.190182 -0.45997 0.930345 -0.82962 -0.21384 2.86132 2.9887  
0.331603 0.870081 -0.771148 1.2136 -0.360664 -0.848479 -8.73956 8.78869  
-0.370365 0.183664 -4.64118 4.66075 0.342083 -0.129086 0.425266 0.5707  
-0.711255 -1.12276 3.28324 3.54363 0.75779 1.17358 0.913357 1.6724  
-1.22117 0.235863 -0.738551 1.45035 1.22274 -0.20249 -4.18873 4.36952  
-0.731979 -0.606812 1.50424 1.78267 0.732074 0.688074 13.5169 13.5546  
0.584246 -0.0890668 -0.770826 0.977043 -0.602283 0.122221 -21.3986 21.4077  
1.12217 0.865817 2.195 2.61497 -1.1201 -0.881805 5.42956 5.61458  
0.588452 0.411589 -1.84769 1.98515 -0.641116 -0.435502 -30.6092 30.6192  
0.406725 -0.384029 -0.960237 1.1163 -0.452051 0.342556 2.11047 2.18791  
-0.606027 1.05201 -1.55113 1.9726 0.518655 -1.04639 0.533638 1.28836  
1.49654 0.0311387 -0.589358 1.61217 -1.53716 -0.0314399 -0.00282246 1.54111  
-0.186698 1.01444 22.6923 22.716 0.201987 -0.989321 3.10985 3.27137  
0.0879835 -1.3478 -0.627147 1.49291 -0.0676133 1.29261 0.975246 1.62409  
-0.312738 0.463914 -1.64223 1.73813 0.341701 -0.391255 1.27568 1.38144  
-1.46797 -0.256045 -1.65908 2.23253 1.4934 0.290326 -2.94323 3.31486  
-0.555861 -0.330444 -0.347202 0.741544 0.485566 0.322402 4.01894 4.06236  
-1.49853 0.0578074 -1.05514 1.83669 1.47024 -0.0432525 -0.133632 1.48071  
-1.25786 0.494205 -0.544375 1.46081 1.26883 -0.499474 0.943659 1.66164  
-0.0885541 0.101696 3.85946 3.86326 0.0480261 -0.107293 -0.607424 0.627651  
-0.929927 1.13131 3.79729 4.07127 0.881735 -1.12098 7.94347 8.07118  
-1.48358 -0.0454676 -0.179696 1.49884 1.51577 -0.148089 -0.977865 1.81297  
1.50552 0.20201 -1.96841 2.48861 -1.55949 -0.179974 -1.88672 2.45668  
-0.870484 -0.719687 -0.550258 1.26081 0.83687 0.748293 1.70611 2.04506  
-0.26934 0.297304 0.578384 0.711776 0.204247 -0.333608 -3.5763 3.59918  
-0.606697 1.40513 8.9568 9.08724 0.571049 -1.35746 5.27369 5.47647  
-0.881978 -1.06965 3.61738 3.87539 0.87826 1.11526 9.2863 9.39477  
-0.210388 0.805214 0.950275 1.2676 0.211183 -0.808781 -1.73254 1.92655  
0.0623896 -1.54794 -1.94438 2.48833 -0.109519 1.537 -1.92779 2.4702  
-0.715318 -0.530557 0.56948 1.06238 0.731937 0.580407 -2.30203 2.48659  
-0.357761 -0.847195 -0.975465 1.34478 0.320732 0.856211 1.55357 1.80574  
-0.141236 0.961596 1.13295 1.49645 0.212685 -0.999359 10.2251 10.2766  
-0.146602 -0.292921 10.6672 10.6728 0.152398 0.336933 -0.0492348 0.387733  
-1.09405 -0.827777 2.00098 2.42842 1.10662 0.8286 0.271507 1.41282  
-0.559007 -0.412747 -0.193612 0.729039 0.541037 0.412682 4.63267 4.68357  
1.43973 -0.110948 -0.375537 1.49577 -1.38745 0.0755552 -1.8607 2.32467  
1.25031 -0.882705 -1.11555 1.89685 -1.28667 0.880791 -1.13728 1.93284  
-0.942999 0.105115 5.14036 5.22827 0.883772 -0.112252 0.160616 0.911381  
-1.34231 0.685914 -13.5248 13.609 1.43593 -0.658945 -15.6896 15.7693  
-1.17084 -0.213757 -64.1664 64.1775 1.16418 0.20898 -14.0254 14.0756  
0.599881 -0.683607 -2.586 2.74331 -0.647323 0.671064 -24.7188 24.7366  
-1.50998 -0.353695 -2.45687 2.90732 1.46193 0.343358 -3.39093 3.71008  
1.12874 -0.452195 -30.674 30.6983 -1.23916 0.436159 -8.92508 9.02186  
0.965031 0.472064 -4.65985 4.78325 -1.00844 -0.482908 -28.1666 28.189  
0.80781 -1.2881 0.966134 1.80453 -0.776895 1.19462 -0.0398358 1.42949  
-0.0461359 -1.45467 -9.71067 9.8197 -0.0384227 1.42087 -20.4774 20.5269  
0.589352 1.36184 -0.521969 1.57657 -0.595911 -1.31242 0.474273 1.52107  
1.4994 0.337698 2.03785 2.55465 -1.4831 -0.314722 1.31589 2.01031  
1.06659 -1.11698 0.449327 1.61193 -1.09737 1.08755 0.385668 1.5959  
1.33347 -0.727704 5.70887 5.90847 -1.33636 0.71888 3.85717 4.14627  
-1.11745 0.257267 3.03356 3.24477 1.13753 -0.266146 0.126404 1.17981  
-1.43487 -0.323524 -3.0968 3.42999 1.44687 0.292591 -5.98711 6.16731  
0.799719 0.806352 6.65993 6.75689 -0.801506 -0.828799 1.09492 1.59353  
-0.957169 0.600555 0.127861 1.14208 0.886308 -0.552907 3.37389 3.53349  
0.439657 1.22218 0.589244 1.43017 -0.434228 -1.2013 -1.14017 1.71547  
0.448523 -1.48573 -1.00591 1.85245 -0.465624 1.45764 -1.25961 1.98477  
-1.01479 1.12858 1.00879 1.82546 0.987081 -1.07744 2.12271 2.5792  
0.592249 -0.192637 -13.703 13.7176 -0.448349 -0.0547082 -0.160999 0.491013  
-1.25059 0.07266 -2.69318 2.97214 1.28432 -0.0880324 -0.281116 1.3219  
-0.385093 0.494314 24.2979 24.3062 0.4621 -0.499967 1.23706 1.41597  
1.20815 -0.271357 -2.0377 2.38676 -1.09053 0.391317 0.254342 1.1909  
-0.335796 0.36437 -9.21846 9.23237 0.336712 -0.370963 -0.0210318 0.51244  
0.508811 -1.29978 -16.6077 16.6666 -0.53586 1.35236 -39.0609 39.0881  
-0.80415 0.211659 3.70505 3.79869 0.775295 -0.137995 43.8319 43.8391  
1.05835 1.10951 0.847863 1.75532 -1.06555 -1.09029 0.368431 1.57195  
-0.181493 -1.14886 1.75847 2.11097 0.119912 1.15154 -0.456529 1.249  
0.217907 -0.382639 -0.341939 0.567435 -0.246931 0.391989 5.02282 5.04525  
-1.30643 -0.842515 -2.0548 2.57875 1.28294 0.841974 -2.13839 2.63415  
-0.227736 -0.854378 -2.73454 2.87588 0.275181 0.842685 0.424075 0.988355  
0.191989 1.37566 -1.00948 1.72032 -0.197809 -1.40899 -3.21947 3.52144  
-0.0687636 1.30537 -1.09679 1.70963 0.0768409 -1.32995 0.532168 1.43842  
0.260922 -1.48409 -27.2589 27.3007 -0.204476 1.50762 -41.2028 41.231  
-1.29092 -0.628333 0.185529 1.4515 1.28948 0.659116 -0.960857 1.74115  
1.29296 0.387209 1.03297 1.7029 -1.31491 -0.412209 -0.44004 1.45041  
0.295977 -1.53652 -3.7773 4.08995 -0.302355 1.45346 -5.08006 5.29359  
0.729796 1.1129 0.83912 1.57684 -0.757476 -1.15645 -0.639463 1.52683  
1.05994 0.778865 -1.02167 1.66885 -1.07223 -0.794087 -4.13567 4.34686  
0.603145 -0.316576 -0.456099 0.826556 -0.591784 0.411987 3.29893 3.37847  
0.641243 -0.175921 0.0859501 0.678743 -0.679336 0.171226 7.24497 7.27953  
-0.358726 0.564674 0.152237 0.694176 0.28466 -0.553013 -5.13186 5.17049  
-0.0297962 0.65675 -1.46508 1.6093 0.0791533 -0.622091 1.34815 1.49062  
0.974277 0.574108 36.5229 36.5406 -0.994464 -0.623403 7.58795 7.67892  
0.741499 -1.32028 8.89753 9.02608 -0.767539 1.29728 13.5822 13.666  
-1.06863 0.0662087 -3.14609 3.32497 1.11202 -0.0178182 -0.0387265 1.11784  
-0.251987 -1.19142 3.44879 3.659 0.218207 1.18178 0.378312 1.26432  
-0.521869 -0.351021 0.0670209 0.641263 0.538153 0.393918 -6.12946 6.16654  
0.343406 1.23364 6.63122 6.75456 -0.269469 -1.2068 1.50018 1.94697  
-0.356779 -1.24056 15.6542 15.7077 0.375668 1.29718 5.1198 5.29597  
-1.24772 -0.818377 2.31766 2.75849 1.24765 0.815507 1.11311 1.86329  
-0.0247946 -0.239794 -0.190065 0.32466 0.0386247 0.212456 9.19413 9.19727  
-0.547674 1.41546 0.0157335 1.52147 0.559072 -1.39253 0.689967 1.65497  
-1.16417 0.0275772 1.36902 1.8004 1.19525 0.0588801 7.4686 7.5646  
0.538183 0.528931 12.5794 12.6025 -0.49415 -0.517386 0.611186 0.946881  
0.0598955 1.58359 1.09319 1.9281 -0.0448866 -1.50422 0.944342 1.77979  
0.508881 0.467483 -0.137776 0.712493 -0.601844 -0.442564 4.97574 5.03262  
0.640495 -0.453136 5.11171 5.17265 -0.666839 0.511519 0.0516678 0.848622  
0.504929 -0.148864 0.401492 0.670428 -0.509264 0.104355 -4.18782 4.22128  
-1.43228 -0.00326749 -6.32153 6.48262 1.41489 -0.0361932 -14.2916 14.3619  
0.83955 -0.972094 -0.211849 1.30608 -0.865572 0.967823 1.6672 2.1158  
-1.30973 0.450931 10.1436 10.2383 1.31143 -0.484261 25.995 26.0328  
-0.821211 -1.3071 17.8579 17.9248 0.775379 1.28959 12.4973 12.588  
0.983345 -0.892576 1.02525 1.68106 -1.00357 0.860517 -0.580843 1.44782  
-0.289725 -1.53313 1.21169 1.97833 0.350179 1.47426 0.815604 1.72408  
-0.272143 -0.508104 -0.0127078 0.586137 0.343672 0.57043 -7.64456 7.67424  
-0.843943 -1.25482 27.9016 27.9427 0.900113 1.29643 28.3533 28.3974  
1.48832 -0.445642 -9.05353 9.18647 -1.43711 0.538431 -9.81993 9.93969  
0.86296 1.20181 -0.672924 1.62881 -0.934304 -1.25692 -1.35977 2.07675  
-0.904865 0.672346 -1.58991 1.95187 0.88395 -0.698158 0.624765 1.2924  
-0.887419 -0.145833 -2.02723 2.22027 0.887382 0.176317 0.700408 1.14903  
1.47511 0.0929183 -33.5715 33.6042 -1.55974 -0.144535 -25.065 25.1141  
-0.579956 -0.54766 -3.98643 4.06683 0.564572 0.556129 0.200568 0.824265  
-0.65441 -0.327389 25.2764 25.2872 0.653214 0.354261 1.60294 1.76996  
-1.14919 -1.02481 -3.7557 4.06046 1.15716 0.935678 -2.2939 2.73636  
-0.745971 1.20665 -5.39383 5.57827 0.743408 -1.27776 -2.56847 2.96539  
1.09669 -0.94716 2.00852 2.47894 -1.14392 0.966171 4.18003 4.44138  
0.043947 -0.147824 0.465638 0.501763 0.0271971 0.119651 -4.92683 4.92949  
1.256 0.807602 -40.4972 40.5249 -1.22456 -0.821553 -22.5943 22.6426  
-0.00585369 1.51167 -11.5349 11.634 -0.164224 -1.55709 -14.7846 14.8677  
-0.0885142 0.221598 0.248672 0.360475 0.0381089 -0.219665 -7.76632 7.77024  
0.911447 -1.1837 4.05669 4.32432 -1.00448 1.1851 2.91444 3.30433  
0.0967812 -0.895574 0.423558 1.00099 -0.0344624 0.902921 -2.6831 2.83313  
0.427418 1.41797 0.755795 1.66605 -0.450321 -1.46642 1.6526 2.25731  
0.107194 -1.30693 5.04754 5.21617 -0.175576 1.32452 1.40646 1.9428  
0.645436 -0.729226 -4.18853 4.30155 -0.619323 0.681985 -0.02456 0.927594  
1.19122 -0.0700258 1.6973 2.07747 -1.18922 0.16312 8.35573 8.44217  
0.192317 -0.819746 55.0914 55.0979 -0.197843 0.896684 5.88849 5.96059  
0.0952062 -1.04126 -5.2042 5.30925 -0.151016 1.01327 -0.42159 1.11284  
0.469105 1.2837 43.6622 43.6837 -0.461801 -1.22617 13.9809 14.0426  
-0.190612 0.17022 -0.101803 0.294678 0.159521 -0.196002 11.9031 11.9063  
-0.802357 -1.19231 4.11569 4.36067 0.851502 1.23065 8.37832 8.51158  
0.177073 0.0661601 -1.10348 1.12453 -0.155612 -0.040642 2.12928 2.13796  
-0.602726 1.33637 -1.40332 2.03215 0.634509 -1.35188 -0.391618 1.54748  
-0.872547 0.461321 -1.02257 1.42512 0.90448 -0.503641 1.32759 1.68683  
0.385403 1.30352 -0.17525 1.37462 -0.368366 -1.31014 1.401 1.95605  
1.53352 0.157138 4.43488 4.69635 -1.52122 -0.189424 5.43735 5.6503  
0.0318806 -0.621794 0.417623 0.757111 -0.0103219 0.563229 13.0322 13.0448  
-0.978435 -0.432283 0.261252 1.10617 0.886693 0.410533 4.28005 4.39144  
0.989035 -0.253004 0.250793 1.05653 -0.915001 0.299121 4.58796 4.68906  
0.675394 -0.472346 -0.93969 1.25437 -0.775964 0.446888 -12.7406 12.7725  
0.89285 -0.674593 45.697 45.7108 -0.90851 0.712272 9.08864 9.16227  
-1.57268 -0.0609032 1.65515 2.28642 1.50332 -0.0121762 1.1918 1.92137  
-0.340803 -1.20133 -0.8407 1.50907 0.364662 1.18213 -4.46646 4.63582  
-0.276936 -1.12292 -1.42049 1.83483 0.288777 1.14814 -7.84561 7.93514  
0.895382 -0.836538 12.0691 12.1316 -0.813919 0.827634 2.43418 2.69886  
0.836454 -0.162852 -0.00947404 0.858737 -0.837217 0.216193 -4.68626 4.76654  
-0.456059 0.0684331 1.17293 1.26475 0.505883 -0.154417 -1.823 1.90112  
0.795721 -1.20677 0.979321 1.7492 -0.844051 1.16695 -0.165321 1.45351  
0.67913 -0.576242 -3.00023 3.13142 -0.683116 0.679571 0.261586 1.00402  
-0.0918778 -0.927154 -78.7702 78.7758 0.102454 0.892036 -8.22568 8.27522  
0.249036 -0.737042 55.0786 55.0842 -0.265581 0.735785 4.09377 4.16918  
-0.793464 0.767854 40.3754 40.3906 0.771448 -0.715148 6.3574 6.44471  
0.777427 -0.950223 -1.11369 1.66096 -0.78184 0.880607 -5.73761 5.85816  
-1.00671 -1.14254 2.70385 3.10497 1.00673 1.15592 3.78793 4.08769  
-1.20385 0.812782 -0.728256 1.62831 1.18029 -0.872634 -2.11334 2.57526  
-0.33848 -0.070112 0.296598 0.467567 0.320116 0.0311348 27.3318 27.3339  
1.4808 0.0173552 2.46437 2.87704 -1.47946 -0.0420578 4.68347 4.9129  
-1.34261 0.667455 -2.33555 2.77742 1.30716 -0.714771 -1.14662 1.88294  
0.374458 0.235112 0.619005 0.768002 -0.329503 -0.290404 -3.29394 3.32477  
-1.14878 0.042657 32.7932 32.8135 1.17906 -0.0349952 6.94966 7.04985  
0.633646 0.949168 0.322987 1.19076 -0.675362 -0.966077 -2.01945 2.34068  
0.696594 0.518508 3.0428 3.16605 -0.660378 -0.620703 -0.311975 0.964294  
0.77426 0.107824 0.390856 0.880362 -0.837078 -0.107627 8.34792 8.39114  
-0.737662 -1.12872 25.5684 25.6041 0.677532 1.15543 8.59332 8.69772  
-0.818196 -0.669497 3.53806 3.69414 0.76943 0.747865 22.8076 22.8331  
0.591299 -0.115877 1.9713 2.06404 -0.624733 0.187582 47.2726 47.2772  
-1.02308 0.662586 4.20794 4.3822 1.06901 -0.649685 0.746142 1.4604  
-1.47503 0.366435 -7.21154 7.37072 1.39568 -0.312014 -3.57133 3.84849  
-1.44023 0.465387 0.464905 1.58687 1.46973 -0.516637 0.126802 1.56661  
1.55779 -0.0662644 7.19959 7.36725 -1.52648 -0.0321266 6.243 6.42786  
0.811792 0.210612 2.46197 2.60304 -0.747682 -0.153203 -0.630812 0.995785  
-1.38376 0.533262 3.72755 4.0131 1.475 -0.533981 5.52951 5.74869  
0.0753289 0.593108 7.33852 7.36359 -0.0743428 -0.569225 -0.0191511 0.584016  
-0.236162 -1.04419 -0.984948 1.45856 0.182284 1.03805 1.26685 1.65132  
-1.26399 0.714462 1.25354 1.92111 1.2743 -0.686664 3.08548 3.40979  
-1.53041 0.0957045 -3.25813 3.60248 1.51262 -0.155972 -4.50024 4.75139  
-0.540024 -1.30932 -5.4322 5.61479 0.475387 1.36309 -12.441 12.5249  
-0.562366 -1.06259 -7.67878 7.77304 0.556333 0.955848 -1.22114 1.65091  
-0.526484 -0.371863 0.38106 0.7562 0.581323 0.334684 -3.78857 3.84894  
-0.249726 0.157103 -0.88305 0.937009 0.25958 -0.130985 2.57216 2.5907  
0.581607 0.0991936 12.4528 12.4672 -0.579553 -0.11148 0.328085 0.683457  
-1.08049 0.745501 -1.15249 1.75004 1.10665 -0.742905 -4.5113 4.70527  
0.446324 1.47852 -1.40048 2.08752 -0.432458 -1.47806 -1.1595 1.93062  
1.05129 0.42333 -22.37 22.3989 -1.01264 -0.398594 -3.81485 3.96845  
-0.349347 -0.527571 -3.63368 3.68987 0.329437 0.472245 0.460464 0.744805  
-0.49858 -0.527434 -0.412369 0.841416 0.484538 0.38755 -10.0729 10.0925  
0.657701 -0.0390993 -0.556218 0.868701 -0.584003 0.0784048 3.0504 3.10859  
-0.0159596 1.13871 -4.73953 4.87557 0.0160957 -1.09608 -0.496719 1.20812  
1.22252 0.0669866 -0.717045 1.4228 -1.21769 -0.0656944 1.19529 1.71084  
1.0691 -0.693036 -20.314 20.3542 -1.03915 0.617257 -4.83613 4.986  
-0.449552 -1.47821 -10.0581 10.1766 0.432689 1.48311 -10.0576 10.1761  
1.41772 -0.664127 -0.716995 1.72518 -1.37341 0.651186 -0.517179 1.60902  
1.05068 1.12389 2.87267 3.26044 -1.05715 -1.07782 1.90081 2.42971  
0.157275 0.863524 1.13882 1.44169 -0.187183 -0.870493 -1.40501 1.66674  
-1.28817 -0.277222 1.37871 1.91004 1.32016 0.324764 4.97375 5.15729  
0.207083 1.5022 1.97384 2.49132 -0.142366 -1.56727 1.92668 2.48995  
1.47211 -0.0293543 3.56759 3.86094 -1.4225 -0.0367505 1.43768 2.02557  
0.176539 1.04003 -2.3342 2.56369 -0.184202 -1.05709 -15.4972 15.5347  
0.336426 -1.06151 1.36258 1.76289 -0.279954 0.925813 -0.956012 1.36405  
-0.063519 -1.49721 19.8559 19.9126 0.113908 1.54271 14.5314 14.6139  
-0.571042 -0.936872 -1.04471 1.51868 0.54372 0.931125 -7.34364 7.42313  
1.41089 0.175688 -0.808413 1.63895 -1.46368 -0.16988 -2.41791 2.83349  
1.30884 0.810344 0.343289 1.58074 -1.32742 -0.779697 0.616106 1.66154  
0.126301 -1.26614 -0.995473 1.61901 -0.136433 1.24558 -4.68438 4.85022  
-1.09755 0.52468 -2.67058 2.93651 1.07922 -0.533495 -11.8028 11.8645  
-0.074919 -1.53016 -1.3059 2.01582 0.00974654 1.53243 -0.821794 1.74211  
0.46061 -0.509884 2.22454 2.33064 -0.472785 0.520301 -0.806859 1.07537  
0.265143 -0.161045 -4.35961 4.37191 -0.241181 0.154642 0.494342 0.581051  
-0.865122 0.365412 1.52345 1.79277 0.843233 -0.403032 -0.972674 1.35305  
0.563712 1.11458 -9.95746 10.036 -0.5789 -1.14056 -2.62494 2.9219  
-0.0912158 0.544318 33.4381 33.4428 0.0727765 -0.521179 1.00625 1.14045  
-0.715226 1.42099 -0.14944 1.60133 0.616077 -1.33589 -0.566341 1.57989  
1.15716 0.717539 1.37652 1.93903 -1.17327 -0.706693 4.47969 4.68559  
-0.472168 -0.165256 0.194754 0.547124 0.464787 0.170179 12.8593 12.8693  
1.28818 0.470895 -2.09334 2.50487 -1.27311 -0.463484 -0.257277 1.38311  
0.0367715 1.53365 3.52421 3.84508 -0.0591029 -1.52311 4.75527 4.99471  
-0.0177129 0.547257 -1.27824 1.39458 -0.00744833 -0.561436 1.62415 1.72171  
1.09015 0.66672 -0.139044 1.28974 -1.03319 -0.637214 -2.49383 2.77559  
-1.29803 0.651121 -0.784911 1.65411 1.27374 -0.649141 0.343878 1.47418  
0.582795 0.259087 0.612307 0.890427 -0.629921 -0.24109 15.6087 15.6236  
-1.48443 0.392813 14.177 14.2603 1.50329 -0.375592 16.0318 16.1069  
-1.34129 -0.239229 -2.14585 2.54404 1.34828 0.241623 -0.309891 1.40835  
-0.83671 -0.0606052 -5.89871 5.959 0.766502 0.0404243 -0.0855419 0.779513  
0.866903 0.69966 2.24508 2.5085 -0.851476 -0.708905 -0.294817 1.15136  
0.901883 0.465902 -10.7204 10.7689 -0.901637 -0.486256 -1.38206 1.72356  
-0.477675 1.10458 -10.2648 10.3356 0.525997 -1.1269 -43.82 43.8378  
0.086685 -1.53424 9.95049 10.069 -0.02331 1.52189 13.1687 13.2568  
1.03096 0.904902 -1.52559 2.05434 -0.998607 -0.95453 0.0289178 1.38576  
0.0614312 0.365144 -0.100832 0.398039 -0.027507 -0.366793 -15.6341 15.6388  
-0.518128 -0.143489 0.162218 0.571423 0.481196 0.125072 11.0225 11.0342  
-0.379321 0.200941 2.76273 2.79787 0.328891 -0.17864 -0.785706 0.876686  
1.32828 -0.26237 -1.98858 2.40807 -1.3389 0.2114 -0.176542 1.37101  
0.657877 1.34643 2.44747 2.87175 -0.684439 -1.4129 1.91106 2.47549  
0.630076 0.589779 2.72148 2.857 -0.546813 -0.600769 -0.495862 0.957586  
-0.0304195 1.02497 -3.52927 3.67674 0.0262735 -1.08057 -0.094084 1.09011  
-1.04192 0.624626 10.788 10.8567 1.02816 -0.612128 46.0162 46.0319  
0.343082 -0.93082 1.32328 1.65722 -0.3374 0.827279 11.5005 11.5356  
0.11201 0.804883 0.405106 0.914143 -0.158004 -0.758949 -3.08233 3.18008  
0.772137 1.34913 4.48496 4.74788 -0.755685 -1.33586 4.60317 4.85344  
-0.829428 -0.106915 -4.07056 4.15692 0.757214 0.11965 0.201274 0.799602  
-0.141054 1.03873 -3.6391 3.78854 0.128581 -1.05212 -0.104952 1.07036  
-1.13708 -0.243839 5.62611 5.74601 1.21664 0.248762 26.4508 26.4801  
1.09442 0.857379 1.11091 1.78273 -1.10151 -0.88451 -0.234341 1.43588  
0.811725 1.29803 -3.38358 3.71531 -0.844064 -1.2866 -2.63603 3.05411  
0.812879 1.00526 -2.68907 2.98556 -0.810747 -1.08421 -0.464764 1.43527  
0.227781 -0.647257 -6.30403 6.34214 -0.234364 0.629923 0.00125807 0.680364  
0.707118 -0.803012 -3.82018 3.9686 -0.71673 0.794616 -0.179717 1.09022  
1.05943 -1.0873 3.37493 3.70215 -1.08047 1.10063 2.50735 2.94564  
1.35306 0.376102 3.3971 3.67746 -1.39053 -0.318456 8.32706 8.44903  
-0.220253 -0.913094 -12.1567 12.1934 0.218716 0.900134 -1.21061 1.52801  
-0.877681 -1.19685 -1.3322 1.99717 0.916209 1.2726 -0.798391 1.76282  
1.40294 0.193934 10.7188 10.8125 -1.47166 -0.210149 5.43663 5.6372  
-1.04584 0.0719584 -8.31962 8.38607 1.10567 -0.0133739 -1.24853 1.67113  
-0.530882 -1.41687 10.1614 10.274 0.557204 1.41444 15.0441 15.1211  
0.0111203 1.08598 -0.581495 1.23644 -0.00825963 -1.01051 1.8509 2.11144  
-0.239878 0.153848 0.258109 0.398741 0.235966 -0.191253 -7.14836 7.15559  
-0.0442209 -0.312853 -3.53909 3.55474 -0.0129171 0.283982 0.62716 0.696639  
-0.769883 -1.28607 -0.100431 1.50597 0.863271 1.28741 -0.636015 1.67879  
-0.188293 0.197265 -3.73611 3.74754 0.207376 -0.224419 0.586338 0.66957  
-1.13466 -0.985058 0.832881 1.72123 1.1144 1.01084 1.76083 2.31848  
1.52225 0.0392716 8.55238 8.68753 -1.49605 0.0426345 5.39134 5.59622  
-0.569764 -0.137078 -1.68402 1.7862 0.586219 0.140114 -43.2945 43.2988  
-0.858417 0.741984 4.50081 4.64283 0.852169 -0.75857 0.524459 1.2601  
0.018821 0.290901 0.217761 0.378895 -0.0872345 -0.298655 -7.8663 7.87316  
-0.671354 -0.944696 -13.3092 13.36 0.731977 0.939323 -64.1314 64.1425  
-0.954687 0.847136 -0.123649 1.28667 0.957959 -0.850265 1.8693 2.2685  
-0.0865132 0.600809 -2.26929 2.35145 0.162421 -0.593957 0.850961 1.05568  
0.487523 0.64256 -0.956333 1.25551 -0.558514 -0.645186 1.73829 1.93933  
-1.20221 -0.985866 22.7156 22.769 1.16595 0.96377 17.3424 17.4086  
-0.862985 0.682875 2.09184 2.36601 0.877829 -0.714381 12.4613 12.513  
0.647558 -0.483167 1.48115 1.69049 -0.643392 0.51469 -1.15615 1.42362  
0.548977 1.31685 -12.5688 12.65 -0.421518 -1.3406 -5.22105 5.4079  
0.426248 -1.30975 -0.336448 1.42179 -0.455525 1.3608 0.982543 1.74236  
-0.345047 0.549685 -0.316602 0.729802 0.350944 -0.501434 -10.5862 10.6044  
-0.579967 1.34373 -2.91242 3.26118 0.538417 -1.36804 -5.8379 6.0211  
0.116275 -0.242768 0.234014 0.371998 -0.12081 0.250323 -7.76784 7.77353  
-0.483997 0.577762 1.00719 1.2624 0.4748 -0.610913 -1.75913 1.92467  
0.102448 1.1176 -2.83564 3.05148 -0.0789047 -1.18463 -0.0672639 1.19384  
1.28338 -0.82807 -21.1065 21.162 -1.25473 0.810847 -13.4915 13.5744  
1.17055 0.617433 1.62787 2.1006 -1.16664 -0.630217 5.73357 5.88585  
1.45031 -0.18791 0.539813 1.56246 -1.4972 0.227077 -0.288604 1.5452  
0.902962 0.0723089 -0.984458 1.34197 -0.923261 -0.00308472 -10.9 10.9395  
-0.00204609 1.5654 -2.34693 2.82307 0.0358919 -1.51275 -1.82479 2.37291  
-0.341828 1.05385 1.49064 1.86027 0.298383 -1.08532 9.22632 9.29533  
1.32923 0.182334 27.0512 27.0847 -1.30158 -0.214355 8.65035 8.75099  
-0.705946 -1.30916 14.0873 14.166 0.781504 1.31912 22.3231 22.3759  
-1.50135 0.388205 0.486428 1.62866 1.48834 -0.37732 0.636632 1.66553  
0.796782 1.30803 -3.20475 3.5535 -0.779336 -1.32235 -4.19167 4.46511  
0.778417 -0.898025 0.652657 1.35997 -0.821008 0.888676 -1.34788 1.81432  
0.892555 -0.0413379 -1.49755 1.74705 -0.920612 -0.000279735 -15.6901 15.7174  
0.576709 -0.894902 20.9714 20.9987 -0.602083 0.858474 3.16985 3.34045  
0.191614 0.473993 -0.0916568 0.530047 -0.101573 -0.490643 7.27401 7.29201  
-1.47673 -0.144793 -2.01959 2.50831 1.48921 0.1369 -0.904871 1.75113  
-0.0645263 1.43455 -1.15952 1.84872 0.0570346 -1.45273 0.00136574 1.45768  
0.395416 1.22231 2.76025 3.0464 -0.369099 -1.19577 0.265979 1.28375  
-0.884052 0.186298 13.0731 13.1047 0.863037 -0.171966 1.15129 1.45294  
0.701286 1.16591 14.0458 14.1119 -0.693147 -1.14772 4.72752 4.91511  
1.20318 0.935053 0.842842 1.74457 -1.14513 -0.901173 1.86994 2.37303  
-0.678688 0.784094 -4.2631 4.38869 0.686374 -0.750215 -0.19673 1.04106  
0.647817 -0.602321 0.449009 0.997612 -0.65541 0.671223 -2.62057 2.78544  
0.0766178 -0.685357 -0.821343 1.07766 -0.0232472 0.649232 -16.8702 16.883  
0.026879 0.105652 -0.473205 0.496962 0.0379541 -0.00156433 4.93166 4.93294  
-0.0073176 1.51005 18.0912 18.1544 -0.0384086 -1.45503 31.0973 31.1315  
0.0515079 -0.108197 0.642024 0.661603 -0.0535634 0.0732184 -3.66058 3.66323  
0.778519 -0.740517 -0.262859 1.11118 -0.816498 0.693606 -4.10319 4.24206  
0.506095 -0.72928 -1.16266 1.4666 -0.502228 0.811294 1.32424 1.63561  
1.23275 -0.875783 -7.96253 8.10554 -1.22772 0.871588 -12.307 12.3992  
0.608444 0.97153 29.3018 29.3244 -0.596439 -0.958512 5.54509 5.65983  
-1.27904 -0.756918 7.1014 7.25603 1.3376 0.786627 10.8029 10.9143  
-0.357153 -0.235591 -0.323254 0.546551 0.388181 0.239633 -20.5387 20.544  
1.22172 0.963758 -12.3489 12.447 -1.17592 -0.982862 -12.9261 13.0171  
0.266746 0.156576 -0.905314 0.962511 -0.394461 -0.143789 2.47366 2.51126  
-0.313492 1.31064 1.88067 2.31606 0.323742 -1.37887 5.67363 5.8487  
0.747868 0.917737 2.00394 2.32991 -0.682829 -0.858468 -0.382942 1.16663  
0.84092 -0.971516 5.65209 5.79726 -0.810483 0.905318 1.14699 1.67429  
-1.47209 -0.00750867 8.11355 8.24669 1.47156 0.00343037 15.2542 15.3254  
1.07929 1.17725 0.042097 1.60116 -0.955617 -1.13874 0.265335 1.51377  
-0.809194 0.412568 -0.270817 0.953684 0.842888 -0.411238 3.10225 3.24264  
-0.0674542 -1.0041 1.76934 2.03826 0.0103538 0.99696 -0.717506 1.23289  
-0.550469 1.1422 -1.00966 1.62426 0.525627 -1.11487 -4.82963 4.98555  
0.92566 0.354918 0.77572 1.26322 -0.996543 -0.317209 7.50109 7.57438  
-0.521013 -0.967014 0.694206 1.30371 0.614175 0.995399 5.47943 5.60387  
-0.00892377 -0.852255 0.721315 1.12155 0.0294006 0.822635 -2.1202 2.27684  
-0.69285 -0.539193 -2.00462 2.19099 0.688234 0.529687 0.748159 1.15115  
-0.929475 -1.21072 -1.72911 2.30884 0.837333 1.21131 -3.02099 3.36243  
-0.56075 -0.697406 7.09696 7.15394 0.57664 0.74776 0.553296 1.09953  
-0.737999 0.990997 5.17803 5.32446 0.783474 -0.988943 1.1052 1.68062  
-0.458684 0.165242 -0.00213497 0.498863 0.492285 -0.215989 -9.0909 9.10739  
1.0745 -1.03832 -9.99857 10.1102 -1.12867 1.02855 -15.6836 15.7581  
0.831214 -0.298731 7.68324 7.73457 -0.820797 0.32386 0.510265 1.02476  
-1.53009 0.0610058 2.78712 3.18184 1.55448 -0.071274 3.09129 3.46247  
-0.147138 1.16117 -11.4811 11.5411 0.149845 -1.13913 -55.0001 55.0122  
-0.661952 1.15187 -8.00231 8.11253 0.64771 -1.17915 -24.4537 24.4909  
0.316714 -0.723137 -40.4334 40.4412 -0.284344 0.731888 -3.01339 3.1158  
0.663973 0.249109 -0.0417442 0.718207 -0.623076 -0.341731 5.59557 5.6415  
0.0700831 -1.16462 -11.3528 11.4131 -0.0726781 1.17357 -54.1705 54.1834  
0.799025 0.887389 -0.481366 1.29181 -0.772312 -0.867862 1.64514 2.01675  
1.105 -1.22697 0.551354 1.74403 -0.90187 1.1307 0.440182 1.51551  
0.174236 -0.977708 1.14599 1.52011 -0.226116 1.01191 -1.18402 1.57739  
-1.03114 0.178973 0.201472 1.071 1.01876 -0.207327 4.08989 4.22128  
-1.0333 0.0154063 -3.27325 3.43413 1.02122 -0.00955904 -22.682 22.7052  
0.668992 -0.188134 0.452909 0.836203 -0.610533 0.193233 -3.32551 3.38825  
-0.434204 1.41115 -0.0920999 1.48308 0.44617 -1.38196 0.921508 1.72314  
0.463128 -1.46983 0.485391 1.61915 -0.446472 1.48107 0.382522 1.59699  
-0.825129 0.416873 -0.31019 0.980817 0.864407 -0.384136 -5.71672 5.79541  
0.577993 -0.62443 -0.252599 0.893845 -0.579338 0.610525 -6.26413 6.3213  
0.2335 1.44871 -0.629954 1.6004 -0.247704 -1.40219 0.463758 1.50124  
0.775325 1.13454 -1.86247 2.31695 -0.825993 -1.2056 -0.398233 1.51838  
0.354384 0.97061 -7.52116 7.59254 -0.420668 -1.01148 -1.0491 1.52047  
-0.752738 0.447637 44.5659 44.5746 0.746156 -0.344693 3.74635 3.83691  
-1.4423 0.526059 6.45506 6.63596 1.41775 -0.514863 4.41853 4.67008  
0.899991 -0.760202 1.73871 2.10289 -0.88018 0.809695 8.80452 8.886  
1.0871 0.891488 0.710341 1.5787 -1.09812 -0.892376 2.54911 2.91742  
-0.885708 -1.1767 -1.17701 1.88828 0.847257 1.21293 -2.63237 3.02152  
-0.321408 -0.765543 -0.0043388 0.836984 0.273447 0.720823 -4.91593 4.97714  
0.737988 -0.86235 100.896 100.902 -0.733717 0.848657 18.8837 18.9173  
-0.135451 -0.447642 -1.01271 1.12048 0.142492 0.485339 -42.1637 42.1669  
-0.712751 0.050673 -0.236981 0.760201 0.731542 -0.0456138 -8.09422 8.12803  
-0.0918811 -0.357175 11.0302 11.0369 0.163258 0.332909 -0.034321 0.38707  
-0.789377 -0.393773 2.30626 2.47147 0.805369 0.386107 -0.583825 1.07225  
0.593391 -1.43505 0.468579 1.62549 -0.575628 1.42493 0.443924 1.60312  
0.376782 -1.08505 19.7456 19.7793 -0.370153 1.13662 4.27697 4.44213  
-0.399113 0.211892 0.140602 0.484894 0.425219 -0.124503 13.3161 13.3239  
1.45385 -0.527774 12.2935 12.3909 -1.38512 0.509798 7.65264 7.79439  
-0.0102483 -0.946592 -15.8657 15.8943 -0.00154988 0.945381 -1.75214 1.99372  
-0.0340897 0.0581764 3.221 3.22344 0.0175259 -0.0213366 -0.738037 0.746073  
1.01104 -0.185361 1.00222 1.4395 -1.00426 0.132646 8.35761 8.41944  
-0.969095 -0.537632 -13.6727 13.7179 0.950311 0.567144 -2.32915 2.58086  
1.3959 0.150092 -0.70782 1.57583 -1.34884 -0.118305 -2.74597 3.06348  
-1.43148 -0.519902 -6.67521 6.84756 1.46417 0.547165 -7.60105 7.76082  
0.809417 0.886996 7.51414 7.61022 -0.787537 -0.853392 33.6902 33.7104  
0.437216 -0.144291 0.567225 0.738164 -0.535449 0.144212 26.4722 26.4782  
-0.165439 -0.488992 -0.735838 0.905044 0.12823 0.423411 2.75608 2.79336  
0.961649 1.12943 60.6499 60.6681 -0.999887 -1.09081 33.7859 33.8185  
1.18688 0.0549403 -0.159079 1.2034 -1.20228 0.00538259 2.19027 2.50079  
-0.991398 1.0939 -6.61365 6.77724 1.05415 -1.08525 -11.4623 11.5622  
0.40106 -1.32337 -0.898718 1.65258 -0.416034 1.37278 -2.9978 3.32499  
-0.478793 -1.32505 13.0199 13.0963 0.50978 1.33619 30.4512 30.4849  
-1.0769 -1.00924 0.850312 1.7066 1.02887 1.04252 -0.127651 1.47407  
1.38757 0.334873 -1.99501 2.45534 -1.34193 -0.228098 -0.291765 1.3961  
1.27368 0.889644 10.001 10.1215 -1.27726 -0.826107 7.98683 8.13108  
0.237911 0.401003 0.380858 0.611246 -0.25123 -0.365194 -4.60049 4.623  
-0.601641 0.0255082 0.416316 0.739666 0.66204 -0.0276883 -3.75597 3.81543  
0.143097 1.24016 -10.7299 10.8028 -0.144908 -1.26155 -40.9453 40.9651  
-0.994444 0.745922 0.20683 1.26462 0.996998 -0.721652 -1.89639 2.26324  
0.250929 -0.476041 -20.1118 20.1193 -0.303107 0.468957 -0.613734 0.836437  
-0.812988 1.22376 -21.4187 21.4693 0.815975 -1.16511 -9.90139 10.0036  
0.944598 -0.861848 -1.94355 2.32886 -0.959148 0.795455 -7.67365 7.77488  
-0.56228 1.35177 9.00822 9.12703 0.53181 -1.34788 4.37881 4.61354  
1.11995 -1.05065 41.9675 41.9957 -1.04026 1.05756 26.2529 26.295  
-1.40674 -0.621767 -1.86067 2.41635 1.41046 0.526373 -2.78736 3.1697  
0.253823 0.893594 2.14564 2.34049 -0.277919 -0.902828 -0.596647 1.12227  
0.692469 -0.332668 -1.28377 1.4998 -0.707598 0.26902 1.40588 1.60023  
-1.03664 -0.58864 0.38489 1.25715 0.962404 0.618236 -1.83153 2.16197  
-1.38444 0.314385 72.0088 72.0229 1.40577 -0.363631 33.987 34.0182  
-0.737331 0.898388 -3.52764 3.71566 0.733112 -0.930707 -0.335954 1.236  
0.402799 -1.19416 8.5565 8.64946 -0.418371 1.14485 1.93155 2.28643  
-0.815315 1.24989 0.244244 1.51584 0.786776 -1.166 1.41761 1.99984  
0.639161 -0.865546 -4.28958 4.42373 -0.661806 0.879912 -26.0657 26.0892  
1.53351 -0.289137 -4.16372 4.44781 -1.48054 0.271823 -5.23216 5.44542  
0.566758 0.869729 1.2364 1.61787 -0.467148 -0.858488 -1.11057 1.48316  
-0.983394 -0.295056 14.8214 14.8573 0.98572 0.294248 2.05072 2.2967  
1.14385 0.112782 1.08509 1.5842 -1.14974 -0.0717856 6.61634 6.71671  
0.904658 -0.635036 1.81296 2.12595 -0.918775 0.631698 -0.514098 1.23234  
-0.988165 0.983225 5.65089 5.82125 0.969316 -0.970711 14.6562 14.7206  
0.189262 -1.03171 0.423702 1.13619 -0.210488 1.07449 -2.13678 2.40329  
0.144056 0.804927 0.572999 1.00407 -0.190827 -0.733919 -2.57064 2.68224  
0.449905 0.995112 2.44365 2.67867 -0.4812 -0.935178 -0.287359 1.09538  
-0.0613767 -1.52094 1.39184 2.06529 0.0466324 1.52999 0.81405 1.73692  
-0.37888 -0.551528 6.51522 6.55034 0.339693 0.503911 -0.0497044 0.618831  
1.23671 -0.000466653 -0.47418 1.32871 -1.22993 -0.0315039 -3.48881 3.7009  
-0.436633 1.3748 28.5924 28.629 0.508861 -1.36239 13.9216 13.9978  
-0.13802 -1.33204 -36.7192 36.7438 0.236898 1.34654 -13.0658 13.1376  
1.02034 0.325818 0.431187 1.15946 -0.990428 -0.257441 -2.14964 2.38314  
-0.379247 1.37757 -11.0385 11.1311 0.381421 -1.44209 -5.78206 5.97231  
-1.22381 0.620865 41.0737 41.0968 1.16114 -0.624001 13.4463 13.5112  
-0.410949 0.798364 0.2801 0.946511 0.466144 -0.894382 5.69258 5.7822  
-0.944509 1.16007 -1.14717 1.88813 0.948975 -1.19922 -0.455734 1.59923  
-0.563613 1.08173 -47.3767 47.3925 0.59003 -1.12118 -12.5637 12.6279  
1.33898 0.286029 0.255082 1.39675 -1.30667 -0.308562 2.09735 2.49252  
-0.89472 0.141141 0.149047 0.924026 0.918097 -0.169059 4.9791 5.06696  
1.54577 -0.117546 -0.499043 1.632 -1.53406 0.0956443 -0.365886 1.58352  
0.20758 0.172064 -18.6104 18.6127 -0.265891 -0.181475 -0.101226 0.353612  
-0.915022 1.10718 -4.42709 4.65547 0.975305 -1.1156 -9.20543 9.32453  
1.1906 -0.205723 -12.0791 12.1398 -1.13698 0.155283 -2.34146 2.60968  
0.896674 -0.313315 -0.572791 1.1142 -0.912333 0.223687 2.18009 2.3762  
-0.546506 0.448789 0.269463 0.764104 0.513534 -0.485747 -4.10173 4.16353  
1.13924 0.0125251 2.70258 2.93481 -1.18986 -0.0207382 14.1245 14.1749  
-0.0858724 1.54542 2.49216 2.9356 0.0677637 -1.50115 1.6146 2.2082  
0.314627 -0.619686 -1.47466 1.63364 -0.275498 0.561992 1.32341 1.46776  
1.45848 0.484076 1.91951 2.46113 -1.46415 -0.474976 2.42489 2.87412  
0.189031 0.931298 3.14313 3.28534 -0.183672 -0.915809 -0.228613 0.967403  
-0.559934 -0.733404 -13.9784 14.0092 0.57776 0.768432 -1.56497 1.83973  
1.40254 -0.188354 37.0855 37.1126 -1.37738 0.169079 14.8323 14.8975  
-1.36067 0.706434 18.032 18.0974 1.34501 -0.779303 16.739 16.8114  
0.455032 1.41905 0.699914 1.64979 -0.513479 -1.42689 1.609 2.21353  
0.219904 1.26731 0.628195 1.43535 -0.165799 -1.18373 -1.23512 1.72203  
-0.34701 0.867004 -1.83325 2.06012 0.269581 -0.898885 0.766533 1.21631  
-1.11348 0.595289 5.42335 5.56939 1.11497 -0.571095 1.17977 1.72404  
0.052245 1.43613 -4.00666 4.2579 -0.135607 -1.48703 -8.22573 8.36083  
-0.850641 -0.387432 2.21108 2.40286 0.844042 0.380904 -0.57953 1.0975  
-1.17079 -0.0627142 3.19152 3.40171 1.1504 0.0734645 0.171892 1.17027  
-0.574241 0.937564 -5.71663 5.82235 0.518122 -0.93527 -0.644746 1.25301  
-1.33084 -0.817102 -4.68807 4.94246 1.27827 0.81839 -3.81292 4.10527  
0.294918 -0.658816 7.15449 7.19159 -0.280743 0.684578 114.098 114.1  
-0.632137 -0.124914 -0.101642 0.660829 0.607847 0.140194 -7.80669 7.83229  
-0.231091 0.242064 0.569637 0.669065 0.295605 -0.257166 -3.74492 3.76684  
0.374807 -0.908861 -6.20989 6.28812 -0.343021 0.935081 -0.538789 1.13732  
0.0798298 0.740502 13.6738 13.6945 -0.0566994 -0.700222 0.658484 0.968654  
-1.29946 -0.83763 -6.81093 6.98499 1.22864 0.853278 -9.47555 9.59348  
-1.50151 0.162974 -2.30395 2.75689 1.52508 -0.145228 -1.47728 2.13084  
0.497474 1.43127 1.25219 1.96854 -0.571011 -1.45556 0.954118 1.83472  
-0.494414 -1.16269 0.633444 1.41729 0.517994 1.22909 3.50857 3.75502  
-0.781765 0.74904 3.67976 3.83719 0.75928 -0.786518 0.182197 1.11332  
0.452154 -0.539811 1.78952 1.92598 -0.499274 0.491825 -1.04231 1.26045  
-1.18877 -0.0783874 -0.0304153 1.19641 1.17504 0.0730841 -2.6416 2.89401  
1.1956 -0.375193 0.203262 1.27386 -1.20678 0.276885 2.70023 2.97244  
-0.140986 1.45155 -1.33374 1.97912 0.125157 -1.43617 -3.20034 3.51164  
1.23043 0.245184 -0.573213 1.38341 -1.20817 -0.342504 -3.6004 3.81458  
0.259694 -1.49622 0.225999 1.53895 -0.270081 1.42026 -0.646992 1.5874  
-0.0733511 -0.600253 -12.4809 12.496 0.0337837 0.66406 -0.47206 0.822266  
-0.402197 -1.44624 49.5061 49.529 0.417178 1.44135 30.541 30.578  
0.501526 1.05404 -7.17559 7.27068 -0.530179 -1.03444 -1.26997 1.72486  
0.806958 -0.804424 0.181997 1.15869 -0.820723 0.883792 3.23274 3.45202  
-0.461919 -0.573911 3.10552 3.19346 0.484767 0.610134 -0.432717 0.897591  
-0.384873 -0.533053 -0.430944 0.793189 0.357528 0.590099 -11.9139 11.9343  
-1.03503 0.607509 26.8737 26.9007 1.08865 -0.590552 6.60241 6.7184  
0.593942 0.193559 0.500567 0.807442 -0.583134 -0.270855 -3.31326 3.37672  
-0.383348 -1.43676 1.95638 2.45964 0.427272 1.41904 0.80462 1.68962  
-0.443544 -1.09808 71.0447 71.0546 0.420096 1.06196 14.1778 14.2241  
1.08784 1.11785 -1.04989 1.88319 -1.0947 -1.06884 -0.976989 1.81837  
0.0466716 1.4214 -5.79207 5.96505 -0.0247463 -1.40338 -13.618 13.6906  
-1.20892 -0.392945 -3.03315 3.29045 1.13968 0.422769 -0.292652 1.25476  
0.257002 -1.33541 -1.28918 1.87684 -0.247536 1.32148 0.286647 1.37874  
0.9769 -0.791566 -1.47314 1.93964 -1.02332 0.808288 0.351261 1.35464  
1.03764 0.138628 -0.756226 1.29575 -1.03991 -0.128865 -6.63517 6.71823  
0.646896 0.444184 -31.815 31.8249 -0.630653 -0.462469 -2.32392 2.45426  
0.802407 0.589452 -0.144579 1.01162 -0.815356 -0.625446 -4.19151 4.31693  
-1.08773 0.868666 -5.58924 5.76095 1.12642 -0.86809 -2.20329 2.62451  
0.686872 1.00427 26.8853 26.913 -0.697181 -0.992562 6.30894 6.42535  
-0.265147 -0.347376 22.2165 22.221 0.299938 0.414751 0.563175 0.768317  
-0.93569 -1.16355 -2.00061 2.49859 0.903952 1.15352 -0.779603 1.66333  
-0.46983 -0.247509 -0.122988 0.555239 0.39577 0.201489 6.6931 6.70865  
-0.0782124 -1.27086 30.6691 30.6957 0.0905055 1.27559 8.58313 8.67851  
-0.00569645 1.34153 2.51649 2.8537 -0.00563082 -1.37572 0.494046 1.46557  
0.717141 -0.60953 1.33769 1.63902 -0.69361 0.60281 -1.13543 1.46453  
-0.732576 -0.141693 -2.88154 2.97845 0.710056 0.0695765 0.543104 0.902854  
-0.284301 1.19482 -1.09353 1.64785 0.297848 -1.24952 0.712908 1.47289  
0.787087 -0.524309 0.903841 1.31244 -0.781998 0.455544 9.47755 9.52125  
0.981635 -0.634021 11.1724 11.2338 -1.00004 0.668303 2.38956 2.67729  
-1.10455 -1.04871 4.25573 4.52131 1.07574 1.09267 3.10619 3.46565  
1.04988 0.820174 -1.87329 2.30115 -1.08266 -0.813223 -6.17266 6.32031  
-1.5188 0.316089 24.4279 24.4773 1.49806 -0.350684 24.4587 24.5073  
1.04038 0.427034 -1.95157 2.25489 -1.07066 -0.353835 0.411209 1.20489  
